2025-07-17 05:47:41,614 - asyncio - DEBUG - Using selector: EpollSelector
2025-07-17 05:47:41,616 - __main__ - INFO - 🔍 DEBUGGING: Starting linking map issue investigation
2025-07-17 05:47:41,619 - __main__ - INFO - ✅ Directory exists: /mnt/c/Users/chris/Desktop/Amazon-FBA-Agent-System-v32/OUTPUTS
2025-07-17 05:47:41,627 - __main__ - INFO -    Contents: ['ai_suggested_categories', 'BACKUP', 'CACHE', 'cached_products', 'COMPREHENSIVE_STATUS.md', 'EXPERIMENTS', 'FBA_ANALYSIS', 'financial_reports']
2025-07-17 05:47:41,631 - __main__ - INFO - ✅ Directory exists: /mnt/c/Users/chris/Desktop/Amazon-FBA-Agent-System-v32/OUTPUTS/FBA_ANALYSIS
2025-07-17 05:47:41,638 - __main__ - INFO -    Contents: ['ai_category_cache', 'amazon_cache', 'financial_reports', 'linking_maps', 'navigation_dumps']
2025-07-17 05:47:41,645 - __main__ - INFO - ✅ Directory exists: /mnt/c/Users/chris/Desktop/Amazon-FBA-Agent-System-v32/OUTPUTS/FBA_ANALYSIS/linking_maps
2025-07-17 05:47:41,654 - __main__ - INFO -    Contents: ['clearance-king_co_uk']
2025-07-17 05:47:41,666 - __main__ - INFO - 🔍 linking_maps directory contents: ['clearance-king_co_uk']
2025-07-17 05:47:41,672 - __main__ - ERROR - ❌ MISSING: poundwholesale.co.uk directory not found at /mnt/c/Users/chris/Desktop/Amazon-FBA-Agent-System-v32/OUTPUTS/FBA_ANALYSIS/linking_maps/poundwholesale.co.uk
2025-07-17 05:47:41,672 - __main__ - ERROR -    This confirms the linking map is never being saved!
2025-07-17 05:47:41,680 - __main__ - INFO - ✅ Test directory creation successful: /mnt/c/Users/chris/Desktop/Amazon-FBA-Agent-System-v32/OUTPUTS/FBA_ANALYSIS/linking_maps/debug_test_supplier
2025-07-17 05:47:41,692 - __main__ - INFO - ✅ Test file creation successful: /mnt/c/Users/chris/Desktop/Amazon-FBA-Agent-System-v32/OUTPUTS/FBA_ANALYSIS/linking_maps/debug_test_supplier/test_linking_map.json
2025-07-17 05:47:41,706 - __main__ - INFO - 🧹 Test files cleaned up
2025-07-17 05:47:41,707 - __main__ - INFO - 🔍 Current working directory: /mnt/c/Users/chris/Desktop/Amazon-FBA-Agent-System-v32
2025-07-17 05:47:41,707 - __main__ - INFO - 🔍 Initializing config loader...
2025-07-17 05:47:41,716 - __main__ - INFO - ✅ Config loader initialized
2025-07-17 05:47:41,717 - __main__ - INFO - ✅ Workflow config loaded: {'supplier_name': 'poundwholesale.co.uk', 'use_predefined_categories': True, 'ai_client': None}
2025-07-17 05:47:41,718 - __main__ - INFO - 🔍 Supplier name from config: 'poundwholesale.co.uk'
2025-07-17 05:47:41,718 - __main__ - INFO - 🔍 Initializing browser manager...
2025-07-17 05:47:41,719 - utils.browser_manager - INFO - 🔧 BrowserManager singleton initialized
2025-07-17 05:47:41,719 - __main__ - INFO - ✅ Browser manager initialized
2025-07-17 05:47:41,720 - __main__ - INFO - 🔍 DEBUGGING: Investigation complete
2025-07-17 05:47:41,720 - utils.browser_manager - WARNING - Error during global cleanup: no running event loop
