2025-07-16 01:35:48,132 - PassiveExtractionWorkflow - INFO - 🔄 SUPPLIER EXTRACTION: Processing product 1
2025-07-16 01:35:53,855 - configurable_supplier_scraper - INFO - ✅ Extracted product 1: Rapide Lime Scented Tough Stuff Hand Cleaner 450ml - £0.88 (EAN: 5055319520935)
2025-07-16 01:35:53,856 - PassiveExtractionWorkflow - INFO - 🔄 SUPPLIER EXTRACTION: Processing product 2
2025-07-16 01:36:00,113 - configurable_supplier_scraper - INFO - ✅ Extracted product 2: Rapide Sealant Remover Spray 250ml - £1.32 (EAN: 5055319531696)
2025-07-16 01:36:00,114 - PassiveExtractionWorkflow - INFO - 🔄 SUPPLIER EXTRACTION: Processing product 3
2025-07-16 01:36:05,441 - configurable_supplier_scraper - INFO - ✅ Extracted product 3: Rapide Sticker Gum & Goo Remover Spray 250ml - £1.32 (EAN: 5055319531689)
2025-07-16 01:36:05,442 - PassiveExtractionWorkflow - INFO - 🔄 SUPPLIER EXTRACTION: Processing product 4
2025-07-16 01:36:12,571 - configurable_supplier_scraper - INFO - ✅ Extracted product 4: Home & Garden Multi-Purpose White Vinegar Cleaning Spray 500ml - £0.84 (EAN: 5055319510769)
2025-07-16 01:36:12,572 - PassiveExtractionWorkflow - INFO - 🔄 SUPPLIER EXTRACTION: Processing product 5
2025-07-16 01:36:17,324 - configurable_supplier_scraper - INFO - ✅ Extracted product 5: Home & Garden Stove Polish Fireplace Restorer 200ml - £0.79 (EAN: 5055319510417)
2025-07-16 01:36:24,033 - PassiveExtractionWorkflow - INFO - 🔄 SUPPLIER EXTRACTION: Processing product 6
2025-07-16 01:36:29,900 - configurable_supplier_scraper - INFO - ✅ Extracted product 1: Elbow Grease Essentials Bundle (78 Products) - £1.38 (EAN: N/A)
2025-07-16 01:36:29,901 - PassiveExtractionWorkflow - INFO - 🔄 SUPPLIER EXTRACTION: Processing product 7
2025-07-16 01:36:36,121 - configurable_supplier_scraper - INFO - ✅ Extracted product 2: Duzzit Essentials Bundle (63 Products) - £0.46 (EAN: N/A)
2025-07-16 01:36:36,122 - PassiveExtractionWorkflow - INFO - 🔄 SUPPLIER EXTRACTION: Processing product 8
2025-07-16 01:36:42,113 - configurable_supplier_scraper - INFO - ✅ Extracted product 3: Globe Mill Textiles Extra Strong Dusters 8 Pack 33cm X 38cm - £0.77 (EAN: 5053249255712)
2025-07-16 01:36:42,114 - PassiveExtractionWorkflow - INFO - 🔄 SUPPLIER EXTRACTION: Processing product 9
2025-07-16 01:36:47,915 - configurable_supplier_scraper - INFO - ✅ Extracted product 4: Globe Mill Textiles Strong Absorbent Dishcloths 8 Pack 25cm X 30cm - £0.77 (EAN: 5053249255743)
2025-07-16 01:36:47,917 - PassiveExtractionWorkflow - INFO - 🔄 SUPPLIER EXTRACTION: Processing product 10
2025-07-16 01:36:54,318 - configurable_supplier_scraper - INFO - ✅ Extracted product 5: TidyZ Extra Large All Purpose Cloths 20 Pack - £0.46 (EAN: N/A)
2025-07-16 01:36:54,320 - PassiveExtractionWorkflow - INFO - 💾 CACHE SAVE: Starting save of 10 products to cache...
2025-07-16 01:36:54,327 - PassiveExtractionWorkflow - INFO - ✅ CACHE SAVE: Successfully saved 10 products (10 new) to poundwholesale-co-uk_products_cache.json
2025-07-16 01:36:54,328 - PassiveExtractionWorkflow - INFO - 💾 CACHE UPDATE: Saved 10 products to cache (every 10 products)
2025-07-16 01:36:54,330 - PassiveExtractionWorkflow - INFO - ✅ Completed batch 1: 10 total products extracted so far
2025-07-16 01:36:54,332 - PassiveExtractionWorkflow - INFO - 💾 CACHE SAVE: Starting save of 10 products to cache...
2025-07-16 01:36:54,344 - PassiveExtractionWorkflow - INFO - ✅ CACHE SAVE: Successfully saved 10 products (0 new) to poundwholesale-co-uk_products_cache.json
