2025-07-16 05:38:36,923 - utils.logger - INFO - 🔧 Logging initialised – log file: C:\Users\chris\Desktop\Amazon-FBA-Agent-System-v32\logs\debug\run_custom_poundwholesale_20250716_053836.log
2025-07-16 05:38:36,923 - __main__ - INFO - 📋 Debug log file: C:\Users\chris\Desktop\Amazon-FBA-Agent-System-v32\logs\debug\run_custom_poundwholesale_20250716_053836.log
2025-07-16 05:38:36,923 - __main__ - DEBUG - Debug logging initialized - full system execution details will be captured
2025-07-16 05:38:36,924 - config.system_config_loader - ERROR - Failed to parse system config JSON: Expecting value: line 24 column 34 (char 817)
Traceback (most recent call last):
  File "C:\Users\chris\Desktop\Amazon-FBA-Agent-System-v32\config\system_config_loader.py", line 55, in _load
    self._config = json.load(fh)
                   ~~~~~~~~~^^^^
  File "C:\Python313\Lib\json\__init__.py", line 293, in load
    return loads(fp.read(),
        cls=cls, object_hook=object_hook,
        parse_float=parse_float, parse_int=parse_int,
        parse_constant=parse_constant, object_pairs_hook=object_pairs_hook, **kw)
  File "C:\Python313\Lib\json\__init__.py", line 346, in loads
    return _default_decoder.decode(s)
           ~~~~~~~~~~~~~~~~~~~~~~~^^^
  File "C:\Python313\Lib\json\decoder.py", line 345, in decode
    obj, end = self.raw_decode(s, idx=_w(s, 0).end())
               ~~~~~~~~~~~~~~~^^^^^^^^^^^^^^^^^^^^^^^
  File "C:\Python313\Lib\json\decoder.py", line 363, in raw_decode
    raise JSONDecodeError("Expecting value", s, err.value) from None
json.decoder.JSONDecodeError: Expecting value: line 24 column 34 (char 817)
2025-07-16 05:38:36,926 - utils.browser_manager - INFO - 🔧 BrowserManager singleton initialized
2025-07-16 05:38:36,927 - asyncio - ERROR - Task exception was never retrieved
future: <Task finished name='Task-2' coro=<Connection.run() done, defined at C:\Users\chris\AppData\Roaming\Python\Python313\site-packages\playwright\_impl\_connection.py:272> exception=NotImplementedError()>
Traceback (most recent call last):
  File "C:\Users\chris\AppData\Roaming\Python\Python313\site-packages\playwright\_impl\_connection.py", line 279, in run
    await self._transport.connect()
  File "C:\Users\chris\AppData\Roaming\Python\Python313\site-packages\playwright\_impl\_transport.py", line 133, in connect
    raise exc
  File "C:\Users\chris\AppData\Roaming\Python\Python313\site-packages\playwright\_impl\_transport.py", line 120, in connect
    self._proc = await asyncio.create_subprocess_exec(
                 ^^^^^^^^^^^^^^^^^^^^^^^^^^^^^^^^^^^^^
    ...<9 lines>...
    )
    ^
  File "C:\Python313\Lib\asyncio\subprocess.py", line 224, in create_subprocess_exec
    transport, protocol = await loop.subprocess_exec(
                          ^^^^^^^^^^^^^^^^^^^^^^^^^^^
    ...<3 lines>...
        stderr=stderr, **kwds)
        ^^^^^^^^^^^^^^^^^^^^^^
  File "C:\Python313\Lib\asyncio\base_events.py", line 1788, in subprocess_exec
    transport = await self._make_subprocess_transport(
                ^^^^^^^^^^^^^^^^^^^^^^^^^^^^^^^^^^^^^^
        protocol, popen_args, False, stdin, stdout, stderr,
        ^^^^^^^^^^^^^^^^^^^^^^^^^^^^^^^^^^^^^^^^^^^^^^^^^^^
        bufsize, **kwargs)
        ^^^^^^^^^^^^^^^^^^
  File "C:\Python313\Lib\asyncio\base_events.py", line 533, in _make_subprocess_transport
    raise NotImplementedError
NotImplementedError
2025-07-16 05:38:36,930 - __main__ - CRITICAL - 💥 A critical error occurred in the main workflow: 
Traceback (most recent call last):
  File "C:\Users\chris\Desktop\Amazon-FBA-Agent-System-v32\run_custom_poundwholesale.py", line 36, in main
    await browser_manager.launch_browser(cdp_port=chrome_debug_port)
  File "C:\Users\chris\Desktop\Amazon-FBA-Agent-System-v32\utils\browser_manager.py", line 62, in launch_browser
    self.playwright = await async_playwright().start()
                      ^^^^^^^^^^^^^^^^^^^^^^^^^^^^^^^^
  File "C:\Users\chris\AppData\Roaming\Python\Python313\site-packages\playwright\async_api\_context_manager.py", line 51, in start
    return await self.__aenter__()
           ^^^^^^^^^^^^^^^^^^^^^^^
  File "C:\Users\chris\AppData\Roaming\Python\Python313\site-packages\playwright\async_api\_context_manager.py", line 46, in __aenter__
    playwright = AsyncPlaywright(next(iter(done)).result())
                                 ~~~~~~~~~~~~~~~~~~~~~~~^^
  File "C:\Users\chris\AppData\Roaming\Python\Python313\site-packages\playwright\_impl\_transport.py", line 120, in connect
    self._proc = await asyncio.create_subprocess_exec(
                 ^^^^^^^^^^^^^^^^^^^^^^^^^^^^^^^^^^^^^
    ...<9 lines>...
    )
    ^
  File "C:\Python313\Lib\asyncio\subprocess.py", line 224, in create_subprocess_exec
    transport, protocol = await loop.subprocess_exec(
                          ^^^^^^^^^^^^^^^^^^^^^^^^^^^
    ...<3 lines>...
        stderr=stderr, **kwds)
        ^^^^^^^^^^^^^^^^^^^^^^
  File "C:\Python313\Lib\asyncio\base_events.py", line 1788, in subprocess_exec
    transport = await self._make_subprocess_transport(
                ^^^^^^^^^^^^^^^^^^^^^^^^^^^^^^^^^^^^^^
        protocol, popen_args, False, stdin, stdout, stderr,
        ^^^^^^^^^^^^^^^^^^^^^^^^^^^^^^^^^^^^^^^^^^^^^^^^^^^
        bufsize, **kwargs)
        ^^^^^^^^^^^^^^^^^^
  File "C:\Python313\Lib\asyncio\base_events.py", line 533, in _make_subprocess_transport
    raise NotImplementedError
NotImplementedError
2025-07-16 05:38:36,932 - __main__ - INFO - 🌐 Keeping browser persistent for next run - not closing browser
2025-07-16 05:38:36,933 - utils.browser_manager - WARNING - Error during global cleanup: no running event loop
