2025-07-10 11:29:59,923 - configurable_supplier_scraper - DEBUG - Debug logging initialized - writing to C:\Users\chris\Desktop\Amazon-FBA-Agent-System-v32\logs\debug\supplier_scraping_debug_20250710_112959.log
2025-07-10 11:29:59,923 - configurable_supplier_scraper - DEBUG - Headless mode: False
2025-07-10 11:29:59,939 - configurable_supplier_scraper - INFO - Starting enhanced scraping from https://www.poundwholesale.co.uk/wholesale-cleaning/cleaning-wipes-sprays/multi-purpose-cleaners
2025-07-10 11:29:59,940 - configurable_supplier_scraper - INFO - Setting page limiter for https://www.poundwholesale.co.uk/wholesale-cleaning/cleaning-wipes-sprays/multi-purpose-cleaners
2025-07-10 11:30:08,171 - configurable_supplier_scraper - INFO - No page limiter configuration found for www.poundwholesale.co.uk
2025-07-10 11:30:08,172 - configurable_supplier_scraper - INFO - Collecting product URLs from paginated pages starting at: https://www.poundwholesale.co.uk/wholesale-cleaning/cleaning-wipes-sprays/multi-purpose-cleaners
2025-07-10 11:30:08,172 - configurable_supplier_scraper - INFO - Processing page 1: https://www.poundwholesale.co.uk/wholesale-cleaning/cleaning-wipes-sprays/multi-purpose-cleaners
2025-07-10 11:30:08,173 - configurable_supplier_scraper - INFO - Fetching page content from: https://www.poundwholesale.co.uk/wholesale-cleaning/cleaning-wipes-sprays/multi-purpose-cleaners (attempt 1/3)
2025-07-10 11:30:08,292 - configurable_supplier_scraper - INFO - Successfully fetched content from https://www.poundwholesale.co.uk/wholesale-cleaning/cleaning-wipes-sprays/multi-purpose-cleaners (Size: 654387 bytes)
2025-07-10 11:30:08,618 - configurable_supplier_scraper - INFO - Found 4 new product URLs on page 1
2025-07-10 11:30:08,619 - configurable_supplier_scraper - INFO - Collected 4 total product URLs across 1 pages
2025-07-10 11:30:08,619 - configurable_supplier_scraper - INFO - Found 4 total product URLs across all pages
2025-07-10 11:30:08,620 - configurable_supplier_scraper - INFO - Visiting product page 1/4: https://www.poundwholesale.co.uk/rapide-sealant-remover-spray-250ml
2025-07-10 11:30:09,184 - configurable_supplier_scraper - INFO - Fetching page content from: https://www.poundwholesale.co.uk/rapide-sealant-remover-spray-250ml (attempt 1/3)
2025-07-10 11:30:15,023 - configurable_supplier_scraper - INFO - Successfully fetched content from https://www.poundwholesale.co.uk/rapide-sealant-remover-spray-250ml (Size: 475559 bytes)
2025-07-10 11:30:15,361 - configurable_supplier_scraper - INFO - Visiting product page 2/4: https://www.poundwholesale.co.uk/duzzit-sweet-things-biodegradable-anti-bacterial-wipes-50-pack-pallet-deal
2025-07-10 11:30:15,361 - configurable_supplier_scraper - INFO - Fetching page content from: https://www.poundwholesale.co.uk/duzzit-sweet-things-biodegradable-anti-bacterial-wipes-50-pack-pallet-deal (attempt 1/3)
2025-07-10 11:30:20,925 - configurable_supplier_scraper - INFO - Successfully fetched content from https://www.poundwholesale.co.uk/duzzit-sweet-things-biodegradable-anti-bacterial-wipes-50-pack-pallet-deal (Size: 673287 bytes)
2025-07-10 11:30:21,374 - configurable_supplier_scraper - INFO - Visiting product page 3/4: https://www.poundwholesale.co.uk/rapide-lime-scented-tough-stuff-hand-cleaner-450ml
2025-07-10 11:30:21,375 - configurable_supplier_scraper - INFO - Fetching page content from: https://www.poundwholesale.co.uk/rapide-lime-scented-tough-stuff-hand-cleaner-450ml (attempt 1/3)
2025-07-10 11:30:26,798 - configurable_supplier_scraper - INFO - Successfully fetched content from https://www.poundwholesale.co.uk/rapide-lime-scented-tough-stuff-hand-cleaner-450ml (Size: 673192 bytes)
2025-07-10 11:30:27,219 - configurable_supplier_scraper - INFO - Visiting product page 4/4: https://www.poundwholesale.co.uk/home-garden-multi-purpose-white-vinegar-cleaning-spray-500ml
2025-07-10 11:30:27,220 - configurable_supplier_scraper - INFO - Fetching page content from: https://www.poundwholesale.co.uk/home-garden-multi-purpose-white-vinegar-cleaning-spray-500ml (attempt 1/3)
2025-07-10 11:30:32,477 - configurable_supplier_scraper - INFO - Successfully fetched content from https://www.poundwholesale.co.uk/home-garden-multi-purpose-white-vinegar-cleaning-spray-500ml (Size: 491268 bytes)
2025-07-10 11:30:32,823 - configurable_supplier_scraper - INFO - Successfully extracted 4 products from https://www.poundwholesale.co.uk/wholesale-cleaning/cleaning-wipes-sprays/multi-purpose-cleaners
2025-07-10 11:30:32,823 - configurable_supplier_scraper - INFO - Starting enhanced scraping from https://www.poundwholesale.co.uk/wholesale-cleaning/sponges-scourers-cloths
2025-07-10 11:30:32,824 - configurable_supplier_scraper - INFO - Setting page limiter for https://www.poundwholesale.co.uk/wholesale-cleaning/sponges-scourers-cloths
2025-07-10 11:30:37,883 - configurable_supplier_scraper - INFO - No page limiter configuration found for www.poundwholesale.co.uk
2025-07-10 11:30:37,884 - configurable_supplier_scraper - INFO - Collecting product URLs from paginated pages starting at: https://www.poundwholesale.co.uk/wholesale-cleaning/sponges-scourers-cloths
2025-07-10 11:30:37,885 - configurable_supplier_scraper - INFO - Processing page 1: https://www.poundwholesale.co.uk/wholesale-cleaning/sponges-scourers-cloths
2025-07-10 11:30:37,885 - configurable_supplier_scraper - INFO - Fetching page content from: https://www.poundwholesale.co.uk/wholesale-cleaning/sponges-scourers-cloths (attempt 1/3)
2025-07-10 11:30:37,997 - configurable_supplier_scraper - INFO - Successfully fetched content from https://www.poundwholesale.co.uk/wholesale-cleaning/sponges-scourers-cloths (Size: 639033 bytes)
2025-07-10 11:30:38,341 - configurable_supplier_scraper - INFO - Found 4 new product URLs on page 1
2025-07-10 11:30:38,342 - configurable_supplier_scraper - INFO - Collected 4 total product URLs across 1 pages
2025-07-10 11:30:38,343 - configurable_supplier_scraper - INFO - Found 4 total product URLs across all pages
2025-07-10 11:30:38,343 - configurable_supplier_scraper - INFO - Visiting product page 1/4: https://www.poundwholesale.co.uk/duzzit-planogram-bundle
2025-07-10 11:30:38,890 - configurable_supplier_scraper - INFO - Fetching page content from: https://www.poundwholesale.co.uk/duzzit-planogram-bundle (attempt 1/3)
2025-07-10 11:30:44,057 - configurable_supplier_scraper - INFO - Successfully fetched content from https://www.poundwholesale.co.uk/duzzit-planogram-bundle (Size: 613903 bytes)
2025-07-10 11:30:44,444 - configurable_supplier_scraper - INFO - Visiting product page 2/4: https://www.poundwholesale.co.uk/elbow-grease-planogram
2025-07-10 11:30:44,444 - configurable_supplier_scraper - INFO - Fetching page content from: https://www.poundwholesale.co.uk/elbow-grease-planogram (attempt 1/3)
2025-07-10 11:30:49,537 - configurable_supplier_scraper - INFO - Successfully fetched content from https://www.poundwholesale.co.uk/elbow-grease-planogram (Size: 587004 bytes)
2025-07-10 11:30:49,768 - configurable_supplier_scraper - INFO - Visiting product page 3/4: https://www.poundwholesale.co.uk/tidyz-extra-large-all-purpose-cloths-20-pack
2025-07-10 11:30:49,769 - configurable_supplier_scraper - INFO - Fetching page content from: https://www.poundwholesale.co.uk/tidyz-extra-large-all-purpose-cloths-20-pack (attempt 1/3)
2025-07-10 11:30:54,926 - configurable_supplier_scraper - INFO - Successfully fetched content from https://www.poundwholesale.co.uk/tidyz-extra-large-all-purpose-cloths-20-pack (Size: 667983 bytes)
2025-07-10 11:30:55,387 - configurable_supplier_scraper - INFO - Visiting product page 4/4: https://www.poundwholesale.co.uk/globe-mill-textiles-strong-absorbent-dishcloths-8-pack-25cm-x-30cm
2025-07-10 11:30:55,388 - configurable_supplier_scraper - INFO - Fetching page content from: https://www.poundwholesale.co.uk/globe-mill-textiles-strong-absorbent-dishcloths-8-pack-25cm-x-30cm (attempt 1/3)
2025-07-10 11:31:00,635 - configurable_supplier_scraper - INFO - Successfully fetched content from https://www.poundwholesale.co.uk/globe-mill-textiles-strong-absorbent-dishcloths-8-pack-25cm-x-30cm (Size: 672439 bytes)
2025-07-10 11:31:00,960 - configurable_supplier_scraper - INFO - Successfully extracted 4 products from https://www.poundwholesale.co.uk/wholesale-cleaning/sponges-scourers-cloths
2025-07-10 11:31:00,961 - configurable_supplier_scraper - INFO - Starting enhanced scraping from https://www.poundwholesale.co.uk/health-beauty/wholesale-dental
2025-07-10 11:31:00,961 - configurable_supplier_scraper - INFO - Setting page limiter for https://www.poundwholesale.co.uk/health-beauty/wholesale-dental
2025-07-10 11:31:05,914 - configurable_supplier_scraper - INFO - No page limiter configuration found for www.poundwholesale.co.uk
2025-07-10 11:31:05,914 - configurable_supplier_scraper - INFO - Collecting product URLs from paginated pages starting at: https://www.poundwholesale.co.uk/health-beauty/wholesale-dental
2025-07-10 11:31:05,915 - configurable_supplier_scraper - INFO - Processing page 1: https://www.poundwholesale.co.uk/health-beauty/wholesale-dental
2025-07-10 11:31:05,916 - configurable_supplier_scraper - INFO - Fetching page content from: https://www.poundwholesale.co.uk/health-beauty/wholesale-dental (attempt 1/3)
2025-07-10 11:31:06,023 - configurable_supplier_scraper - INFO - Successfully fetched content from https://www.poundwholesale.co.uk/health-beauty/wholesale-dental (Size: 649369 bytes)
2025-07-10 11:31:06,470 - configurable_supplier_scraper - INFO - Found 4 new product URLs on page 1
2025-07-10 11:31:06,470 - configurable_supplier_scraper - INFO - Collected 4 total product URLs across 1 pages
2025-07-10 11:31:06,471 - configurable_supplier_scraper - INFO - Found 4 total product URLs across all pages
2025-07-10 11:31:06,472 - configurable_supplier_scraper - INFO - Visiting product page 1/4: https://www.poundwholesale.co.uk/claradent-assorted-colour-soft-bristle-children-s-toothbrushes-3-pack
2025-07-10 11:31:06,928 - configurable_supplier_scraper - INFO - Fetching page content from: https://www.poundwholesale.co.uk/claradent-assorted-colour-soft-bristle-children-s-toothbrushes-3-pack (attempt 1/3)
2025-07-10 11:31:12,141 - configurable_supplier_scraper - INFO - Successfully fetched content from https://www.poundwholesale.co.uk/claradent-assorted-colour-soft-bristle-children-s-toothbrushes-3-pack (Size: 675324 bytes)
2025-07-10 11:31:12,574 - configurable_supplier_scraper - INFO - Visiting product page 2/4: https://www.poundwholesale.co.uk/claradent-assorted-colour-medium-toothbrushes-3-pack
2025-07-10 11:31:12,574 - configurable_supplier_scraper - INFO - Fetching page content from: https://www.poundwholesale.co.uk/claradent-assorted-colour-medium-toothbrushes-3-pack (attempt 1/3)
2025-07-10 11:31:17,814 - configurable_supplier_scraper - INFO - Successfully fetched content from https://www.poundwholesale.co.uk/claradent-assorted-colour-medium-toothbrushes-3-pack (Size: 674236 bytes)
2025-07-10 11:31:18,180 - configurable_supplier_scraper - INFO - Visiting product page 3/4: https://www.poundwholesale.co.uk/dentiplus-universal-toothbrush-heads-4-pack
2025-07-10 11:31:18,180 - configurable_supplier_scraper - INFO - Fetching page content from: https://www.poundwholesale.co.uk/dentiplus-universal-toothbrush-heads-4-pack (attempt 1/3)
2025-07-10 11:31:23,383 - configurable_supplier_scraper - INFO - Successfully fetched content from https://www.poundwholesale.co.uk/dentiplus-universal-toothbrush-heads-4-pack (Size: 672585 bytes)
2025-07-10 11:31:23,762 - configurable_supplier_scraper - INFO - Visiting product page 4/4: https://www.poundwholesale.co.uk/colgate-fluoride-calcium-maximum-cavity-protection-toothpaste-100ml
2025-07-10 11:31:23,763 - configurable_supplier_scraper - INFO - Fetching page content from: https://www.poundwholesale.co.uk/colgate-fluoride-calcium-maximum-cavity-protection-toothpaste-100ml (attempt 1/3)
