2025-07-10 20:33:33,156 - configurable_supplier_scraper - DEBUG - Debug logging initialized - writing to C:\Users\chris\Desktop\Amazon-FBA-Agent-System-v32\logs\debug\supplier_scraping_debug_20250710_203333.log
2025-07-10 20:33:33,157 - configurable_supplier_scraper - DEBUG - Headless mode: False
2025-07-10 20:33:33,183 - configurable_supplier_scraper - INFO - Starting enhanced scraping from https://www.poundwholesale.co.uk/wholesale-cleaning/cleaning-wipes-sprays/multi-purpose-cleaners
2025-07-10 20:33:33,184 - configurable_supplier_scraper - INFO - Setting page limiter for https://www.poundwholesale.co.uk/wholesale-cleaning/cleaning-wipes-sprays/multi-purpose-cleaners
2025-07-10 20:33:40,793 - configurable_supplier_scraper - INFO - No page limiter configuration found for www.poundwholesale.co.uk
2025-07-10 20:33:40,793 - configurable_supplier_scraper - INFO - Collecting product URLs from paginated pages starting at: https://www.poundwholesale.co.uk/wholesale-cleaning/cleaning-wipes-sprays/multi-purpose-cleaners
2025-07-10 20:33:40,794 - configurable_supplier_scraper - INFO - Processing page 1: https://www.poundwholesale.co.uk/wholesale-cleaning/cleaning-wipes-sprays/multi-purpose-cleaners
2025-07-10 20:33:40,794 - configurable_supplier_scraper - INFO - Fetching page content from: https://www.poundwholesale.co.uk/wholesale-cleaning/cleaning-wipes-sprays/multi-purpose-cleaners (attempt 1/3)
2025-07-10 20:33:40,899 - configurable_supplier_scraper - INFO - Successfully fetched content from https://www.poundwholesale.co.uk/wholesale-cleaning/cleaning-wipes-sprays/multi-purpose-cleaners (Size: 654580 bytes)
2025-07-10 20:33:41,117 - configurable_supplier_scraper - INFO - Found 3 new product URLs on page 1
2025-07-10 20:33:41,117 - configurable_supplier_scraper - INFO - Collected 3 total product URLs across 1 pages
2025-07-10 20:33:41,118 - configurable_supplier_scraper - INFO - Found 3 total product URLs across all pages
2025-07-10 20:33:41,118 - configurable_supplier_scraper - INFO - Visiting product page 1/3: https://www.poundwholesale.co.uk/home-garden-multi-purpose-white-vinegar-cleaning-spray-500ml
2025-07-10 20:33:41,807 - configurable_supplier_scraper - INFO - Fetching page content from: https://www.poundwholesale.co.uk/home-garden-multi-purpose-white-vinegar-cleaning-spray-500ml (attempt 1/3)
2025-07-10 20:33:47,265 - configurable_supplier_scraper - INFO - Successfully fetched content from https://www.poundwholesale.co.uk/home-garden-multi-purpose-white-vinegar-cleaning-spray-500ml (Size: 675738 bytes)
2025-07-10 20:33:47,720 - configurable_supplier_scraper - INFO - Visiting product page 2/3: https://www.poundwholesale.co.uk/rapide-sealant-remover-spray-250ml
2025-07-10 20:33:47,720 - configurable_supplier_scraper - INFO - Fetching page content from: https://www.poundwholesale.co.uk/rapide-sealant-remover-spray-250ml (attempt 1/3)
2025-07-10 20:33:53,013 - configurable_supplier_scraper - INFO - Successfully fetched content from https://www.poundwholesale.co.uk/rapide-sealant-remover-spray-250ml (Size: 674399 bytes)
2025-07-10 20:33:53,484 - configurable_supplier_scraper - INFO - Visiting product page 3/3: https://www.poundwholesale.co.uk/rapide-lime-scented-tough-stuff-hand-cleaner-450ml
2025-07-10 20:33:53,484 - configurable_supplier_scraper - INFO - Fetching page content from: https://www.poundwholesale.co.uk/rapide-lime-scented-tough-stuff-hand-cleaner-450ml (attempt 1/3)
2025-07-10 20:33:58,665 - configurable_supplier_scraper - INFO - Successfully fetched content from https://www.poundwholesale.co.uk/rapide-lime-scented-tough-stuff-hand-cleaner-450ml (Size: 673968 bytes)
2025-07-10 20:33:59,179 - configurable_supplier_scraper - INFO - Successfully extracted 3 products from https://www.poundwholesale.co.uk/wholesale-cleaning/cleaning-wipes-sprays/multi-purpose-cleaners
2025-07-10 20:33:59,180 - configurable_supplier_scraper - INFO - Starting enhanced scraping from https://www.poundwholesale.co.uk/wholesale-cleaning/sponges-scourers-cloths
2025-07-10 20:33:59,180 - configurable_supplier_scraper - INFO - Setting page limiter for https://www.poundwholesale.co.uk/wholesale-cleaning/sponges-scourers-cloths
2025-07-10 20:34:04,014 - configurable_supplier_scraper - INFO - No page limiter configuration found for www.poundwholesale.co.uk
2025-07-10 20:34:04,015 - configurable_supplier_scraper - INFO - Collecting product URLs from paginated pages starting at: https://www.poundwholesale.co.uk/wholesale-cleaning/sponges-scourers-cloths
2025-07-10 20:34:04,015 - configurable_supplier_scraper - INFO - Processing page 1: https://www.poundwholesale.co.uk/wholesale-cleaning/sponges-scourers-cloths
2025-07-10 20:34:04,016 - configurable_supplier_scraper - INFO - Fetching page content from: https://www.poundwholesale.co.uk/wholesale-cleaning/sponges-scourers-cloths (attempt 1/3)
2025-07-10 20:34:04,108 - configurable_supplier_scraper - INFO - Successfully fetched content from https://www.poundwholesale.co.uk/wholesale-cleaning/sponges-scourers-cloths (Size: 639566 bytes)
2025-07-10 20:34:04,311 - configurable_supplier_scraper - INFO - Found 3 new product URLs on page 1
2025-07-10 20:34:04,311 - configurable_supplier_scraper - INFO - Collected 3 total product URLs across 1 pages
2025-07-10 20:34:04,312 - configurable_supplier_scraper - INFO - Found 3 total product URLs across all pages
2025-07-10 20:34:04,312 - configurable_supplier_scraper - INFO - Visiting product page 1/3: https://www.poundwholesale.co.uk/tidyz-extra-large-all-purpose-cloths-20-pack
2025-07-10 20:34:05,022 - configurable_supplier_scraper - INFO - Fetching page content from: https://www.poundwholesale.co.uk/tidyz-extra-large-all-purpose-cloths-20-pack (attempt 1/3)
2025-07-10 20:34:10,250 - configurable_supplier_scraper - INFO - Successfully fetched content from https://www.poundwholesale.co.uk/tidyz-extra-large-all-purpose-cloths-20-pack (Size: 668209 bytes)
2025-07-10 20:34:10,636 - configurable_supplier_scraper - INFO - Visiting product page 2/3: https://www.poundwholesale.co.uk/elbow-grease-planogram
2025-07-10 20:34:10,636 - configurable_supplier_scraper - INFO - Fetching page content from: https://www.poundwholesale.co.uk/elbow-grease-planogram (attempt 1/3)
2025-07-10 20:34:16,044 - configurable_supplier_scraper - INFO - Successfully fetched content from https://www.poundwholesale.co.uk/elbow-grease-planogram (Size: 857252 bytes)
2025-07-10 20:34:16,695 - configurable_supplier_scraper - INFO - Visiting product page 3/3: https://www.poundwholesale.co.uk/duzzit-planogram-bundle
2025-07-10 20:34:16,696 - configurable_supplier_scraper - INFO - Fetching page content from: https://www.poundwholesale.co.uk/duzzit-planogram-bundle (attempt 1/3)
2025-07-10 20:34:21,991 - configurable_supplier_scraper - INFO - Successfully fetched content from https://www.poundwholesale.co.uk/duzzit-planogram-bundle (Size: 820962 bytes)
2025-07-10 20:34:22,532 - configurable_supplier_scraper - INFO - Successfully extracted 3 products from https://www.poundwholesale.co.uk/wholesale-cleaning/sponges-scourers-cloths
2025-07-10 20:34:22,532 - configurable_supplier_scraper - INFO - Starting enhanced scraping from https://www.poundwholesale.co.uk/health-beauty/wholesale-dental
2025-07-10 20:34:22,533 - configurable_supplier_scraper - INFO - Setting page limiter for https://www.poundwholesale.co.uk/health-beauty/wholesale-dental
2025-07-10 20:34:28,019 - configurable_supplier_scraper - INFO - No page limiter configuration found for www.poundwholesale.co.uk
2025-07-10 20:34:28,020 - configurable_supplier_scraper - INFO - Collecting product URLs from paginated pages starting at: https://www.poundwholesale.co.uk/health-beauty/wholesale-dental
2025-07-10 20:34:28,020 - configurable_supplier_scraper - INFO - Processing page 1: https://www.poundwholesale.co.uk/health-beauty/wholesale-dental
2025-07-10 20:34:28,021 - configurable_supplier_scraper - INFO - Fetching page content from: https://www.poundwholesale.co.uk/health-beauty/wholesale-dental (attempt 1/3)
2025-07-10 20:34:28,129 - configurable_supplier_scraper - INFO - Successfully fetched content from https://www.poundwholesale.co.uk/health-beauty/wholesale-dental (Size: 648522 bytes)
2025-07-10 20:34:28,435 - configurable_supplier_scraper - INFO - Found 3 new product URLs on page 1
2025-07-10 20:34:28,436 - configurable_supplier_scraper - INFO - Collected 3 total product URLs across 1 pages
2025-07-10 20:34:28,436 - configurable_supplier_scraper - INFO - Found 3 total product URLs across all pages
2025-07-10 20:34:28,437 - configurable_supplier_scraper - INFO - Visiting product page 1/3: https://www.poundwholesale.co.uk/dentiplus-universal-toothbrush-heads-4-pack
2025-07-10 20:34:29,023 - configurable_supplier_scraper - INFO - Fetching page content from: https://www.poundwholesale.co.uk/dentiplus-universal-toothbrush-heads-4-pack (attempt 1/3)
2025-07-10 20:34:34,925 - configurable_supplier_scraper - INFO - Successfully fetched content from https://www.poundwholesale.co.uk/dentiplus-universal-toothbrush-heads-4-pack (Size: 672992 bytes)
2025-07-10 20:34:35,534 - configurable_supplier_scraper - INFO - Visiting product page 2/3: https://www.poundwholesale.co.uk/colgate-fluoride-calcium-maximum-cavity-protection-toothpaste-100ml
2025-07-10 20:34:35,534 - configurable_supplier_scraper - INFO - Fetching page content from: https://www.poundwholesale.co.uk/colgate-fluoride-calcium-maximum-cavity-protection-toothpaste-100ml (attempt 1/3)
2025-07-10 20:34:41,235 - configurable_supplier_scraper - INFO - Successfully fetched content from https://www.poundwholesale.co.uk/colgate-fluoride-calcium-maximum-cavity-protection-toothpaste-100ml (Size: 598474 bytes)
2025-07-10 20:34:41,657 - configurable_supplier_scraper - INFO - Visiting product page 3/3: https://www.poundwholesale.co.uk/claradent-assorted-colour-soft-bristle-children-s-toothbrushes-3-pack
2025-07-10 20:34:41,657 - configurable_supplier_scraper - INFO - Fetching page content from: https://www.poundwholesale.co.uk/claradent-assorted-colour-soft-bristle-children-s-toothbrushes-3-pack (attempt 1/3)
2025-07-10 20:34:47,561 - configurable_supplier_scraper - INFO - Successfully fetched content from https://www.poundwholesale.co.uk/claradent-assorted-colour-soft-bristle-children-s-toothbrushes-3-pack (Size: 675484 bytes)
2025-07-10 20:34:47,908 - configurable_supplier_scraper - INFO - Successfully extracted 3 products from https://www.poundwholesale.co.uk/health-beauty/wholesale-dental
2025-07-10 20:34:47,909 - configurable_supplier_scraper - INFO - Starting enhanced scraping from https://www.poundwholesale.co.uk/health-beauty/wholesale-dental
2025-07-10 20:34:47,909 - configurable_supplier_scraper - INFO - Setting page limiter for https://www.poundwholesale.co.uk/health-beauty/wholesale-dental
2025-07-10 20:34:52,808 - configurable_supplier_scraper - INFO - No page limiter configuration found for www.poundwholesale.co.uk
2025-07-10 20:34:52,808 - configurable_supplier_scraper - INFO - Collecting product URLs from paginated pages starting at: https://www.poundwholesale.co.uk/health-beauty/wholesale-dental
2025-07-10 20:34:52,809 - configurable_supplier_scraper - INFO - Processing page 1: https://www.poundwholesale.co.uk/health-beauty/wholesale-dental
2025-07-10 20:34:52,809 - configurable_supplier_scraper - INFO - Fetching page content from: https://www.poundwholesale.co.uk/health-beauty/wholesale-dental (attempt 1/3)
2025-07-10 20:34:52,924 - configurable_supplier_scraper - INFO - Successfully fetched content from https://www.poundwholesale.co.uk/health-beauty/wholesale-dental (Size: 648522 bytes)
2025-07-10 20:34:53,147 - configurable_supplier_scraper - INFO - Found 3 new product URLs on page 1
2025-07-10 20:34:53,148 - configurable_supplier_scraper - INFO - Collected 3 total product URLs across 1 pages
2025-07-10 20:34:53,148 - configurable_supplier_scraper - INFO - Found 3 total product URLs across all pages
2025-07-10 20:34:53,149 - configurable_supplier_scraper - INFO - Visiting product page 1/3: https://www.poundwholesale.co.uk/dentiplus-universal-toothbrush-heads-4-pack
2025-07-10 20:34:53,815 - configurable_supplier_scraper - INFO - Fetching page content from: https://www.poundwholesale.co.uk/dentiplus-universal-toothbrush-heads-4-pack (attempt 1/3)
2025-07-10 20:34:59,063 - configurable_supplier_scraper - INFO - Successfully fetched content from https://www.poundwholesale.co.uk/dentiplus-universal-toothbrush-heads-4-pack (Size: 672992 bytes)
2025-07-10 20:34:59,535 - configurable_supplier_scraper - INFO - Visiting product page 2/3: https://www.poundwholesale.co.uk/colgate-fluoride-calcium-maximum-cavity-protection-toothpaste-100ml
2025-07-10 20:34:59,536 - configurable_supplier_scraper - INFO - Fetching page content from: https://www.poundwholesale.co.uk/colgate-fluoride-calcium-maximum-cavity-protection-toothpaste-100ml (attempt 1/3)
2025-07-10 20:35:04,547 - configurable_supplier_scraper - INFO - Successfully fetched content from https://www.poundwholesale.co.uk/colgate-fluoride-calcium-maximum-cavity-protection-toothpaste-100ml (Size: 598474 bytes)
2025-07-10 20:35:04,969 - configurable_supplier_scraper - INFO - Visiting product page 3/3: https://www.poundwholesale.co.uk/claradent-assorted-colour-soft-bristle-children-s-toothbrushes-3-pack
2025-07-10 20:35:04,969 - configurable_supplier_scraper - INFO - Fetching page content from: https://www.poundwholesale.co.uk/claradent-assorted-colour-soft-bristle-children-s-toothbrushes-3-pack (attempt 1/3)
2025-07-10 20:35:10,193 - configurable_supplier_scraper - INFO - Successfully fetched content from https://www.poundwholesale.co.uk/claradent-assorted-colour-soft-bristle-children-s-toothbrushes-3-pack (Size: 675484 bytes)
2025-07-10 20:35:10,650 - configurable_supplier_scraper - INFO - Successfully extracted 3 products from https://www.poundwholesale.co.uk/health-beauty/wholesale-dental
