2025-07-10 20:58:28,988 - configurable_supplier_scraper - DEBUG - Debug logging initialized - writing to C:\Users\chris\Desktop\Amazon-FBA-Agent-System-v32\logs\debug\supplier_scraping_debug_20250710_205828.log
2025-07-10 20:58:28,988 - configurable_supplier_scraper - DEBUG - Headless mode: False
2025-07-10 20:58:29,006 - configurable_supplier_scraper - INFO - Starting enhanced scraping from https://www.poundwholesale.co.uk/wholesale-cleaning/cleaning-wipes-sprays/multi-purpose-cleaners
2025-07-10 20:58:29,008 - configurable_supplier_scraper - INFO - Setting page limiter for https://www.poundwholesale.co.uk/wholesale-cleaning/cleaning-wipes-sprays/multi-purpose-cleaners
2025-07-10 20:58:37,886 - configurable_supplier_scraper - INFO - No page limiter configuration found for www.poundwholesale.co.uk
2025-07-10 20:58:37,886 - configurable_supplier_scraper - INFO - Collecting product URLs from paginated pages starting at: https://www.poundwholesale.co.uk/wholesale-cleaning/cleaning-wipes-sprays/multi-purpose-cleaners
2025-07-10 20:58:37,887 - configurable_supplier_scraper - INFO - Processing page 1: https://www.poundwholesale.co.uk/wholesale-cleaning/cleaning-wipes-sprays/multi-purpose-cleaners
2025-07-10 20:58:37,887 - configurable_supplier_scraper - INFO - Fetching page content from: https://www.poundwholesale.co.uk/wholesale-cleaning/cleaning-wipes-sprays/multi-purpose-cleaners (attempt 1/3)
2025-07-10 20:58:37,988 - configurable_supplier_scraper - INFO - Successfully fetched content from https://www.poundwholesale.co.uk/wholesale-cleaning/cleaning-wipes-sprays/multi-purpose-cleaners (Size: 654580 bytes)
2025-07-10 20:58:38,310 - configurable_supplier_scraper - INFO - Found 3 new product URLs on page 1
2025-07-10 20:58:38,311 - configurable_supplier_scraper - INFO - Collected 3 total product URLs across 1 pages
2025-07-10 20:58:38,311 - configurable_supplier_scraper - INFO - Found 3 total product URLs across all pages
2025-07-10 20:58:38,311 - configurable_supplier_scraper - INFO - Visiting product page 1/3: https://www.poundwholesale.co.uk/rapide-lime-scented-tough-stuff-hand-cleaner-450ml
2025-07-10 20:58:38,901 - configurable_supplier_scraper - INFO - Fetching page content from: https://www.poundwholesale.co.uk/rapide-lime-scented-tough-stuff-hand-cleaner-450ml (attempt 1/3)
2025-07-10 20:58:45,278 - configurable_supplier_scraper - INFO - Successfully fetched content from https://www.poundwholesale.co.uk/rapide-lime-scented-tough-stuff-hand-cleaner-450ml (Size: 673968 bytes)
2025-07-10 20:58:45,755 - configurable_supplier_scraper - INFO - Visiting product page 2/3: https://www.poundwholesale.co.uk/rapide-sealant-remover-spray-250ml
2025-07-10 20:58:45,756 - configurable_supplier_scraper - INFO - Fetching page content from: https://www.poundwholesale.co.uk/rapide-sealant-remover-spray-250ml (attempt 1/3)
2025-07-10 20:58:51,968 - configurable_supplier_scraper - INFO - Successfully fetched content from https://www.poundwholesale.co.uk/rapide-sealant-remover-spray-250ml (Size: 674399 bytes)
2025-07-10 20:58:52,481 - configurable_supplier_scraper - INFO - Visiting product page 3/3: https://www.poundwholesale.co.uk/home-garden-multi-purpose-white-vinegar-cleaning-spray-500ml
2025-07-10 20:58:52,481 - configurable_supplier_scraper - INFO - Fetching page content from: https://www.poundwholesale.co.uk/home-garden-multi-purpose-white-vinegar-cleaning-spray-500ml (attempt 1/3)
2025-07-10 20:58:58,584 - configurable_supplier_scraper - INFO - Successfully fetched content from https://www.poundwholesale.co.uk/home-garden-multi-purpose-white-vinegar-cleaning-spray-500ml (Size: 675738 bytes)
2025-07-10 20:58:58,976 - configurable_supplier_scraper - INFO - Successfully extracted 3 products from https://www.poundwholesale.co.uk/wholesale-cleaning/cleaning-wipes-sprays/multi-purpose-cleaners
2025-07-10 20:58:58,976 - configurable_supplier_scraper - INFO - Starting enhanced scraping from https://www.poundwholesale.co.uk/wholesale-cleaning/sponges-scourers-cloths
2025-07-10 20:58:58,976 - configurable_supplier_scraper - INFO - Setting page limiter for https://www.poundwholesale.co.uk/wholesale-cleaning/sponges-scourers-cloths
2025-07-10 20:59:04,687 - configurable_supplier_scraper - INFO - No page limiter configuration found for www.poundwholesale.co.uk
2025-07-10 20:59:04,688 - configurable_supplier_scraper - INFO - Collecting product URLs from paginated pages starting at: https://www.poundwholesale.co.uk/wholesale-cleaning/sponges-scourers-cloths
2025-07-10 20:59:04,689 - configurable_supplier_scraper - INFO - Processing page 1: https://www.poundwholesale.co.uk/wholesale-cleaning/sponges-scourers-cloths
2025-07-10 20:59:04,690 - configurable_supplier_scraper - INFO - Fetching page content from: https://www.poundwholesale.co.uk/wholesale-cleaning/sponges-scourers-cloths (attempt 1/3)
2025-07-10 20:59:04,800 - configurable_supplier_scraper - INFO - Successfully fetched content from https://www.poundwholesale.co.uk/wholesale-cleaning/sponges-scourers-cloths (Size: 639566 bytes)
2025-07-10 20:59:05,136 - configurable_supplier_scraper - INFO - Found 3 new product URLs on page 1
2025-07-10 20:59:05,137 - configurable_supplier_scraper - INFO - Collected 3 total product URLs across 1 pages
2025-07-10 20:59:05,138 - configurable_supplier_scraper - INFO - Found 3 total product URLs across all pages
2025-07-10 20:59:05,138 - configurable_supplier_scraper - INFO - Visiting product page 1/3: https://www.poundwholesale.co.uk/duzzit-planogram-bundle
2025-07-10 20:59:05,691 - configurable_supplier_scraper - INFO - Fetching page content from: https://www.poundwholesale.co.uk/duzzit-planogram-bundle (attempt 1/3)
2025-07-10 20:59:12,272 - configurable_supplier_scraper - INFO - Successfully fetched content from https://www.poundwholesale.co.uk/duzzit-planogram-bundle (Size: 820962 bytes)
2025-07-10 20:59:12,943 - configurable_supplier_scraper - INFO - Visiting product page 2/3: https://www.poundwholesale.co.uk/tidyz-extra-large-all-purpose-cloths-20-pack
2025-07-10 20:59:12,943 - configurable_supplier_scraper - INFO - Fetching page content from: https://www.poundwholesale.co.uk/tidyz-extra-large-all-purpose-cloths-20-pack (attempt 1/3)
2025-07-10 20:59:18,884 - configurable_supplier_scraper - INFO - Successfully fetched content from https://www.poundwholesale.co.uk/tidyz-extra-large-all-purpose-cloths-20-pack (Size: 668206 bytes)
2025-07-10 20:59:19,433 - configurable_supplier_scraper - INFO - Visiting product page 3/3: https://www.poundwholesale.co.uk/elbow-grease-planogram
2025-07-10 20:59:19,433 - configurable_supplier_scraper - INFO - Fetching page content from: https://www.poundwholesale.co.uk/elbow-grease-planogram (attempt 1/3)
2025-07-10 20:59:26,103 - configurable_supplier_scraper - INFO - Successfully fetched content from https://www.poundwholesale.co.uk/elbow-grease-planogram (Size: 857252 bytes)
2025-07-10 20:59:26,549 - configurable_supplier_scraper - INFO - Successfully extracted 3 products from https://www.poundwholesale.co.uk/wholesale-cleaning/sponges-scourers-cloths
2025-07-10 20:59:26,550 - configurable_supplier_scraper - INFO - Starting enhanced scraping from https://www.poundwholesale.co.uk/health-beauty/wholesale-dental
2025-07-10 20:59:26,550 - configurable_supplier_scraper - INFO - Setting page limiter for https://www.poundwholesale.co.uk/health-beauty/wholesale-dental
2025-07-10 20:59:32,156 - configurable_supplier_scraper - INFO - No page limiter configuration found for www.poundwholesale.co.uk
2025-07-10 20:59:32,157 - configurable_supplier_scraper - INFO - Collecting product URLs from paginated pages starting at: https://www.poundwholesale.co.uk/health-beauty/wholesale-dental
2025-07-10 20:59:32,158 - configurable_supplier_scraper - INFO - Processing page 1: https://www.poundwholesale.co.uk/health-beauty/wholesale-dental
2025-07-10 20:59:32,159 - configurable_supplier_scraper - INFO - Fetching page content from: https://www.poundwholesale.co.uk/health-beauty/wholesale-dental (attempt 1/3)
2025-07-10 20:59:32,272 - configurable_supplier_scraper - INFO - Successfully fetched content from https://www.poundwholesale.co.uk/health-beauty/wholesale-dental (Size: 648522 bytes)
2025-07-10 20:59:32,509 - configurable_supplier_scraper - INFO - Found 3 new product URLs on page 1
2025-07-10 20:59:32,509 - configurable_supplier_scraper - INFO - Collected 3 total product URLs across 1 pages
2025-07-10 20:59:32,510 - configurable_supplier_scraper - INFO - Found 3 total product URLs across all pages
2025-07-10 20:59:32,510 - configurable_supplier_scraper - INFO - Visiting product page 1/3: https://www.poundwholesale.co.uk/colgate-fluoride-calcium-maximum-cavity-protection-toothpaste-100ml
2025-07-10 20:59:33,166 - configurable_supplier_scraper - INFO - Fetching page content from: https://www.poundwholesale.co.uk/colgate-fluoride-calcium-maximum-cavity-protection-toothpaste-100ml (attempt 1/3)
2025-07-10 20:59:39,117 - configurable_supplier_scraper - INFO - Successfully fetched content from https://www.poundwholesale.co.uk/colgate-fluoride-calcium-maximum-cavity-protection-toothpaste-100ml (Size: 598474 bytes)
2025-07-10 20:59:39,740 - configurable_supplier_scraper - INFO - Visiting product page 2/3: https://www.poundwholesale.co.uk/dentiplus-universal-toothbrush-heads-4-pack
2025-07-10 20:59:39,741 - configurable_supplier_scraper - INFO - Fetching page content from: https://www.poundwholesale.co.uk/dentiplus-universal-toothbrush-heads-4-pack (attempt 1/3)
2025-07-10 20:59:45,845 - configurable_supplier_scraper - INFO - Successfully fetched content from https://www.poundwholesale.co.uk/dentiplus-universal-toothbrush-heads-4-pack (Size: 672992 bytes)
2025-07-10 20:59:46,188 - configurable_supplier_scraper - INFO - Visiting product page 3/3: https://www.poundwholesale.co.uk/claradent-assorted-colour-soft-bristle-children-s-toothbrushes-3-pack
2025-07-10 20:59:46,188 - configurable_supplier_scraper - INFO - Fetching page content from: https://www.poundwholesale.co.uk/claradent-assorted-colour-soft-bristle-children-s-toothbrushes-3-pack (attempt 1/3)
2025-07-10 20:59:52,265 - configurable_supplier_scraper - INFO - Successfully fetched content from https://www.poundwholesale.co.uk/claradent-assorted-colour-soft-bristle-children-s-toothbrushes-3-pack (Size: 675484 bytes)
2025-07-10 20:59:52,677 - configurable_supplier_scraper - INFO - Successfully extracted 3 products from https://www.poundwholesale.co.uk/health-beauty/wholesale-dental
2025-07-10 20:59:52,677 - configurable_supplier_scraper - INFO - Starting enhanced scraping from https://www.poundwholesale.co.uk/health-beauty/wholesale-dental
2025-07-10 20:59:52,677 - configurable_supplier_scraper - INFO - Setting page limiter for https://www.poundwholesale.co.uk/health-beauty/wholesale-dental
2025-07-10 20:59:57,669 - configurable_supplier_scraper - INFO - No page limiter configuration found for www.poundwholesale.co.uk
2025-07-10 20:59:57,670 - configurable_supplier_scraper - INFO - Collecting product URLs from paginated pages starting at: https://www.poundwholesale.co.uk/health-beauty/wholesale-dental
2025-07-10 20:59:57,670 - configurable_supplier_scraper - INFO - Processing page 1: https://www.poundwholesale.co.uk/health-beauty/wholesale-dental
2025-07-10 20:59:57,671 - configurable_supplier_scraper - INFO - Fetching page content from: https://www.poundwholesale.co.uk/health-beauty/wholesale-dental (attempt 1/3)
2025-07-10 20:59:57,785 - configurable_supplier_scraper - INFO - Successfully fetched content from https://www.poundwholesale.co.uk/health-beauty/wholesale-dental (Size: 648522 bytes)
2025-07-10 20:59:57,987 - configurable_supplier_scraper - INFO - Found 3 new product URLs on page 1
2025-07-10 20:59:57,988 - configurable_supplier_scraper - INFO - Collected 3 total product URLs across 1 pages
2025-07-10 20:59:57,988 - configurable_supplier_scraper - INFO - Found 3 total product URLs across all pages
2025-07-10 20:59:57,988 - configurable_supplier_scraper - INFO - Visiting product page 1/3: https://www.poundwholesale.co.uk/colgate-fluoride-calcium-maximum-cavity-protection-toothpaste-100ml
2025-07-10 20:59:58,672 - configurable_supplier_scraper - INFO - Fetching page content from: https://www.poundwholesale.co.uk/colgate-fluoride-calcium-maximum-cavity-protection-toothpaste-100ml (attempt 1/3)
2025-07-10 21:00:04,146 - configurable_supplier_scraper - INFO - Successfully fetched content from https://www.poundwholesale.co.uk/colgate-fluoride-calcium-maximum-cavity-protection-toothpaste-100ml (Size: 598474 bytes)
2025-07-10 21:00:04,381 - configurable_supplier_scraper - INFO - Visiting product page 2/3: https://www.poundwholesale.co.uk/dentiplus-universal-toothbrush-heads-4-pack
2025-07-10 21:00:04,381 - configurable_supplier_scraper - INFO - Fetching page content from: https://www.poundwholesale.co.uk/dentiplus-universal-toothbrush-heads-4-pack (attempt 1/3)
2025-07-10 21:00:10,267 - configurable_supplier_scraper - INFO - Successfully fetched content from https://www.poundwholesale.co.uk/dentiplus-universal-toothbrush-heads-4-pack (Size: 672992 bytes)
2025-07-10 21:00:10,611 - configurable_supplier_scraper - INFO - Visiting product page 3/3: https://www.poundwholesale.co.uk/claradent-assorted-colour-soft-bristle-children-s-toothbrushes-3-pack
2025-07-10 21:00:10,611 - configurable_supplier_scraper - INFO - Fetching page content from: https://www.poundwholesale.co.uk/claradent-assorted-colour-soft-bristle-children-s-toothbrushes-3-pack (attempt 1/3)
2025-07-10 21:00:16,476 - configurable_supplier_scraper - INFO - Successfully fetched content from https://www.poundwholesale.co.uk/claradent-assorted-colour-soft-bristle-children-s-toothbrushes-3-pack (Size: 675484 bytes)
2025-07-10 21:00:16,904 - configurable_supplier_scraper - INFO - Successfully extracted 3 products from https://www.poundwholesale.co.uk/health-beauty/wholesale-dental
