2025-07-10 11:24:13,321 - configurable_supplier_scraper - DEBUG - Debug logging initialized - writing to C:\Users\chris\Desktop\Amazon-FBA-Agent-System-v32\logs\debug\supplier_scraping_debug_20250710_112413.log
2025-07-10 11:24:13,322 - configurable_supplier_scraper - DEBUG - Headless mode: False
2025-07-10 11:24:13,379 - configurable_supplier_scraper - INFO - Starting enhanced scraping from https://www.poundwholesale.co.uk/wholesale-cleaning/cleaning-wipes-sprays/multi-purpose-cleaners
2025-07-10 11:24:13,380 - configurable_supplier_scraper - INFO - Setting page limiter for https://www.poundwholesale.co.uk/wholesale-cleaning/cleaning-wipes-sprays/multi-purpose-cleaners
2025-07-10 11:24:22,655 - configurable_supplier_scraper - INFO - No page limiter configuration found for www.poundwholesale.co.uk
2025-07-10 11:24:22,656 - configurable_supplier_scraper - INFO - Collecting product URLs from paginated pages starting at: https://www.poundwholesale.co.uk/wholesale-cleaning/cleaning-wipes-sprays/multi-purpose-cleaners
2025-07-10 11:24:22,656 - configurable_supplier_scraper - INFO - Processing page 1: https://www.poundwholesale.co.uk/wholesale-cleaning/cleaning-wipes-sprays/multi-purpose-cleaners
2025-07-10 11:24:22,657 - configurable_supplier_scraper - INFO - Fetching page content from: https://www.poundwholesale.co.uk/wholesale-cleaning/cleaning-wipes-sprays/multi-purpose-cleaners (attempt 1/3)
2025-07-10 11:24:22,767 - configurable_supplier_scraper - INFO - Successfully fetched content from https://www.poundwholesale.co.uk/wholesale-cleaning/cleaning-wipes-sprays/multi-purpose-cleaners (Size: 654387 bytes)
2025-07-10 11:24:23,173 - configurable_supplier_scraper - INFO - Found 4 new product URLs on page 1
2025-07-10 11:24:23,174 - configurable_supplier_scraper - INFO - Collected 4 total product URLs across 1 pages
2025-07-10 11:24:23,174 - configurable_supplier_scraper - INFO - Found 4 total product URLs across all pages
2025-07-10 11:24:23,175 - configurable_supplier_scraper - INFO - Visiting product page 1/4: https://www.poundwholesale.co.uk/duzzit-sweet-things-biodegradable-anti-bacterial-wipes-50-pack-pallet-deal
2025-07-10 11:24:23,658 - configurable_supplier_scraper - INFO - Fetching page content from: https://www.poundwholesale.co.uk/duzzit-sweet-things-biodegradable-anti-bacterial-wipes-50-pack-pallet-deal (attempt 1/3)
2025-07-10 11:24:29,932 - configurable_supplier_scraper - INFO - Successfully fetched content from https://www.poundwholesale.co.uk/duzzit-sweet-things-biodegradable-anti-bacterial-wipes-50-pack-pallet-deal (Size: 673287 bytes)
2025-07-10 11:24:30,267 - configurable_supplier_scraper - INFO - Visiting product page 2/4: https://www.poundwholesale.co.uk/rapide-sealant-remover-spray-250ml
2025-07-10 11:24:30,267 - configurable_supplier_scraper - INFO - Fetching page content from: https://www.poundwholesale.co.uk/rapide-sealant-remover-spray-250ml (attempt 1/3)
2025-07-10 11:24:35,318 - configurable_supplier_scraper - INFO - Successfully fetched content from https://www.poundwholesale.co.uk/rapide-sealant-remover-spray-250ml (Size: 475559 bytes)
2025-07-10 11:24:35,599 - configurable_supplier_scraper - INFO - Visiting product page 3/4: https://www.poundwholesale.co.uk/rapide-lime-scented-tough-stuff-hand-cleaner-450ml
2025-07-10 11:24:35,600 - configurable_supplier_scraper - INFO - Fetching page content from: https://www.poundwholesale.co.uk/rapide-lime-scented-tough-stuff-hand-cleaner-450ml (attempt 1/3)
2025-07-10 11:24:40,926 - configurable_supplier_scraper - INFO - Successfully fetched content from https://www.poundwholesale.co.uk/rapide-lime-scented-tough-stuff-hand-cleaner-450ml (Size: 673192 bytes)
2025-07-10 11:24:41,404 - configurable_supplier_scraper - INFO - Visiting product page 4/4: https://www.poundwholesale.co.uk/home-garden-multi-purpose-white-vinegar-cleaning-spray-500ml
2025-07-10 11:24:41,404 - configurable_supplier_scraper - INFO - Fetching page content from: https://www.poundwholesale.co.uk/home-garden-multi-purpose-white-vinegar-cleaning-spray-500ml (attempt 1/3)
2025-07-10 11:24:46,567 - configurable_supplier_scraper - INFO - Successfully fetched content from https://www.poundwholesale.co.uk/home-garden-multi-purpose-white-vinegar-cleaning-spray-500ml (Size: 491268 bytes)
2025-07-10 11:24:46,895 - configurable_supplier_scraper - INFO - Successfully extracted 4 products from https://www.poundwholesale.co.uk/wholesale-cleaning/cleaning-wipes-sprays/multi-purpose-cleaners
2025-07-10 11:24:46,895 - configurable_supplier_scraper - INFO - Starting enhanced scraping from https://www.poundwholesale.co.uk/wholesale-cleaning/sponges-scourers-cloths
2025-07-10 11:24:46,896 - configurable_supplier_scraper - INFO - Setting page limiter for https://www.poundwholesale.co.uk/wholesale-cleaning/sponges-scourers-cloths
2025-07-10 11:24:51,875 - configurable_supplier_scraper - INFO - No page limiter configuration found for www.poundwholesale.co.uk
2025-07-10 11:24:51,876 - configurable_supplier_scraper - INFO - Collecting product URLs from paginated pages starting at: https://www.poundwholesale.co.uk/wholesale-cleaning/sponges-scourers-cloths
2025-07-10 11:24:51,877 - configurable_supplier_scraper - INFO - Processing page 1: https://www.poundwholesale.co.uk/wholesale-cleaning/sponges-scourers-cloths
2025-07-10 11:24:51,878 - configurable_supplier_scraper - INFO - Fetching page content from: https://www.poundwholesale.co.uk/wholesale-cleaning/sponges-scourers-cloths (attempt 1/3)
2025-07-10 11:24:51,968 - configurable_supplier_scraper - INFO - Successfully fetched content from https://www.poundwholesale.co.uk/wholesale-cleaning/sponges-scourers-cloths (Size: 639033 bytes)
2025-07-10 11:24:52,332 - configurable_supplier_scraper - INFO - Found 4 new product URLs on page 1
2025-07-10 11:24:52,332 - configurable_supplier_scraper - INFO - Collected 4 total product URLs across 1 pages
2025-07-10 11:24:52,333 - configurable_supplier_scraper - INFO - Found 4 total product URLs across all pages
2025-07-10 11:24:52,333 - configurable_supplier_scraper - INFO - Visiting product page 1/4: https://www.poundwholesale.co.uk/globe-mill-textiles-strong-absorbent-dishcloths-8-pack-25cm-x-30cm
2025-07-10 11:24:52,884 - configurable_supplier_scraper - INFO - Fetching page content from: https://www.poundwholesale.co.uk/globe-mill-textiles-strong-absorbent-dishcloths-8-pack-25cm-x-30cm (attempt 1/3)
2025-07-10 11:24:58,299 - configurable_supplier_scraper - INFO - Successfully fetched content from https://www.poundwholesale.co.uk/globe-mill-textiles-strong-absorbent-dishcloths-8-pack-25cm-x-30cm (Size: 672439 bytes)
2025-07-10 11:24:58,616 - configurable_supplier_scraper - INFO - Visiting product page 2/4: https://www.poundwholesale.co.uk/tidyz-extra-large-all-purpose-cloths-20-pack
2025-07-10 11:24:58,617 - configurable_supplier_scraper - INFO - Fetching page content from: https://www.poundwholesale.co.uk/tidyz-extra-large-all-purpose-cloths-20-pack (attempt 1/3)
2025-07-10 11:25:04,029 - configurable_supplier_scraper - INFO - Successfully fetched content from https://www.poundwholesale.co.uk/tidyz-extra-large-all-purpose-cloths-20-pack (Size: 667983 bytes)
2025-07-10 11:25:04,485 - configurable_supplier_scraper - INFO - Visiting product page 3/4: https://www.poundwholesale.co.uk/elbow-grease-planogram
2025-07-10 11:25:04,486 - configurable_supplier_scraper - INFO - Fetching page content from: https://www.poundwholesale.co.uk/elbow-grease-planogram (attempt 1/3)
2025-07-10 11:25:09,651 - configurable_supplier_scraper - INFO - Successfully fetched content from https://www.poundwholesale.co.uk/elbow-grease-planogram (Size: 587004 bytes)
2025-07-10 11:25:09,941 - configurable_supplier_scraper - INFO - Visiting product page 4/4: https://www.poundwholesale.co.uk/duzzit-planogram-bundle
2025-07-10 11:25:09,942 - configurable_supplier_scraper - INFO - Fetching page content from: https://www.poundwholesale.co.uk/duzzit-planogram-bundle (attempt 1/3)
2025-07-10 11:25:15,073 - configurable_supplier_scraper - INFO - Successfully fetched content from https://www.poundwholesale.co.uk/duzzit-planogram-bundle (Size: 613903 bytes)
2025-07-10 11:25:15,551 - configurable_supplier_scraper - INFO - Successfully extracted 4 products from https://www.poundwholesale.co.uk/wholesale-cleaning/sponges-scourers-cloths
2025-07-10 11:25:15,551 - configurable_supplier_scraper - INFO - Starting enhanced scraping from https://www.poundwholesale.co.uk/health-beauty/wholesale-dental
2025-07-10 11:25:15,552 - configurable_supplier_scraper - INFO - Setting page limiter for https://www.poundwholesale.co.uk/health-beauty/wholesale-dental
2025-07-10 11:25:20,495 - configurable_supplier_scraper - INFO - No page limiter configuration found for www.poundwholesale.co.uk
2025-07-10 11:25:20,496 - configurable_supplier_scraper - INFO - Collecting product URLs from paginated pages starting at: https://www.poundwholesale.co.uk/health-beauty/wholesale-dental
2025-07-10 11:25:20,496 - configurable_supplier_scraper - INFO - Processing page 1: https://www.poundwholesale.co.uk/health-beauty/wholesale-dental
2025-07-10 11:25:20,497 - configurable_supplier_scraper - INFO - Fetching page content from: https://www.poundwholesale.co.uk/health-beauty/wholesale-dental (attempt 1/3)
2025-07-10 11:25:20,589 - configurable_supplier_scraper - INFO - Successfully fetched content from https://www.poundwholesale.co.uk/health-beauty/wholesale-dental (Size: 649369 bytes)
2025-07-10 11:25:21,137 - configurable_supplier_scraper - INFO - Found 4 new product URLs on page 1
2025-07-10 11:25:21,137 - configurable_supplier_scraper - INFO - Collected 4 total product URLs across 1 pages
2025-07-10 11:25:21,137 - configurable_supplier_scraper - INFO - Found 4 total product URLs across all pages
2025-07-10 11:25:21,137 - configurable_supplier_scraper - INFO - Visiting product page 1/4: https://www.poundwholesale.co.uk/claradent-assorted-colour-medium-toothbrushes-3-pack
2025-07-10 11:25:21,503 - configurable_supplier_scraper - INFO - Fetching page content from: https://www.poundwholesale.co.uk/claradent-assorted-colour-medium-toothbrushes-3-pack (attempt 1/3)
2025-07-10 11:25:27,126 - configurable_supplier_scraper - INFO - Successfully fetched content from https://www.poundwholesale.co.uk/claradent-assorted-colour-medium-toothbrushes-3-pack (Size: 674236 bytes)
2025-07-10 11:25:27,582 - configurable_supplier_scraper - INFO - Visiting product page 2/4: https://www.poundwholesale.co.uk/colgate-fluoride-calcium-maximum-cavity-protection-toothpaste-100ml
2025-07-10 11:25:27,582 - configurable_supplier_scraper - INFO - Fetching page content from: https://www.poundwholesale.co.uk/colgate-fluoride-calcium-maximum-cavity-protection-toothpaste-100ml (attempt 1/3)
2025-07-10 11:25:32,840 - configurable_supplier_scraper - INFO - Successfully fetched content from https://www.poundwholesale.co.uk/colgate-fluoride-calcium-maximum-cavity-protection-toothpaste-100ml (Size: 610806 bytes)
2025-07-10 11:25:33,229 - configurable_supplier_scraper - INFO - Visiting product page 3/4: https://www.poundwholesale.co.uk/claradent-assorted-colour-soft-bristle-children-s-toothbrushes-3-pack
2025-07-10 11:25:33,229 - configurable_supplier_scraper - INFO - Fetching page content from: https://www.poundwholesale.co.uk/claradent-assorted-colour-soft-bristle-children-s-toothbrushes-3-pack (attempt 1/3)
2025-07-10 11:25:38,570 - configurable_supplier_scraper - INFO - Successfully fetched content from https://www.poundwholesale.co.uk/claradent-assorted-colour-soft-bristle-children-s-toothbrushes-3-pack (Size: 675324 bytes)
2025-07-10 11:25:38,943 - configurable_supplier_scraper - INFO - Visiting product page 4/4: https://www.poundwholesale.co.uk/dentiplus-universal-toothbrush-heads-4-pack
2025-07-10 11:25:38,943 - configurable_supplier_scraper - INFO - Fetching page content from: https://www.poundwholesale.co.uk/dentiplus-universal-toothbrush-heads-4-pack (attempt 1/3)
2025-07-10 11:25:44,086 - configurable_supplier_scraper - INFO - Successfully fetched content from https://www.poundwholesale.co.uk/dentiplus-universal-toothbrush-heads-4-pack (Size: 672585 bytes)
2025-07-10 11:25:44,535 - configurable_supplier_scraper - INFO - Successfully extracted 4 products from https://www.poundwholesale.co.uk/health-beauty/wholesale-dental
2025-07-10 11:25:44,535 - configurable_supplier_scraper - INFO - Starting enhanced scraping from https://www.poundwholesale.co.uk/health-beauty/wholesale-dental
2025-07-10 11:25:44,536 - configurable_supplier_scraper - INFO - Setting page limiter for https://www.poundwholesale.co.uk/health-beauty/wholesale-dental
2025-07-10 11:25:49,513 - configurable_supplier_scraper - INFO - No page limiter configuration found for www.poundwholesale.co.uk
2025-07-10 11:25:49,514 - configurable_supplier_scraper - INFO - Collecting product URLs from paginated pages starting at: https://www.poundwholesale.co.uk/health-beauty/wholesale-dental
2025-07-10 11:25:49,515 - configurable_supplier_scraper - INFO - Processing page 1: https://www.poundwholesale.co.uk/health-beauty/wholesale-dental
2025-07-10 11:25:49,515 - configurable_supplier_scraper - INFO - Fetching page content from: https://www.poundwholesale.co.uk/health-beauty/wholesale-dental (attempt 1/3)
2025-07-10 11:25:49,617 - configurable_supplier_scraper - INFO - Successfully fetched content from https://www.poundwholesale.co.uk/health-beauty/wholesale-dental (Size: 649369 bytes)
2025-07-10 11:25:49,821 - configurable_supplier_scraper - INFO - Found 4 new product URLs on page 1
2025-07-10 11:25:49,822 - configurable_supplier_scraper - INFO - Collected 4 total product URLs across 1 pages
2025-07-10 11:25:49,822 - configurable_supplier_scraper - INFO - Found 4 total product URLs across all pages
2025-07-10 11:25:49,823 - configurable_supplier_scraper - INFO - Visiting product page 1/4: https://www.poundwholesale.co.uk/claradent-assorted-colour-medium-toothbrushes-3-pack
2025-07-10 11:25:50,522 - configurable_supplier_scraper - INFO - Fetching page content from: https://www.poundwholesale.co.uk/claradent-assorted-colour-medium-toothbrushes-3-pack (attempt 1/3)
2025-07-10 11:25:55,827 - configurable_supplier_scraper - INFO - Successfully fetched content from https://www.poundwholesale.co.uk/claradent-assorted-colour-medium-toothbrushes-3-pack (Size: 674236 bytes)
2025-07-10 11:25:56,177 - configurable_supplier_scraper - INFO - Visiting product page 2/4: https://www.poundwholesale.co.uk/colgate-fluoride-calcium-maximum-cavity-protection-toothpaste-100ml
2025-07-10 11:25:56,178 - configurable_supplier_scraper - INFO - Fetching page content from: https://www.poundwholesale.co.uk/colgate-fluoride-calcium-maximum-cavity-protection-toothpaste-100ml (attempt 1/3)
2025-07-10 11:26:01,407 - configurable_supplier_scraper - INFO - Successfully fetched content from https://www.poundwholesale.co.uk/colgate-fluoride-calcium-maximum-cavity-protection-toothpaste-100ml (Size: 610806 bytes)
2025-07-10 11:26:01,815 - configurable_supplier_scraper - INFO - Visiting product page 3/4: https://www.poundwholesale.co.uk/claradent-assorted-colour-soft-bristle-children-s-toothbrushes-3-pack
2025-07-10 11:26:01,816 - configurable_supplier_scraper - INFO - Fetching page content from: https://www.poundwholesale.co.uk/claradent-assorted-colour-soft-bristle-children-s-toothbrushes-3-pack (attempt 1/3)
2025-07-10 11:26:07,024 - configurable_supplier_scraper - INFO - Successfully fetched content from https://www.poundwholesale.co.uk/claradent-assorted-colour-soft-bristle-children-s-toothbrushes-3-pack (Size: 675324 bytes)
2025-07-10 11:26:07,457 - configurable_supplier_scraper - INFO - Visiting product page 4/4: https://www.poundwholesale.co.uk/dentiplus-universal-toothbrush-heads-4-pack
2025-07-10 11:26:07,457 - configurable_supplier_scraper - INFO - Fetching page content from: https://www.poundwholesale.co.uk/dentiplus-universal-toothbrush-heads-4-pack (attempt 1/3)
2025-07-10 11:26:12,728 - configurable_supplier_scraper - INFO - Successfully fetched content from https://www.poundwholesale.co.uk/dentiplus-universal-toothbrush-heads-4-pack (Size: 672585 bytes)
2025-07-10 11:26:13,147 - configurable_supplier_scraper - INFO - Successfully extracted 4 products from https://www.poundwholesale.co.uk/health-beauty/wholesale-dental
2025-07-10 11:26:13,147 - configurable_supplier_scraper - INFO - Starting enhanced scraping from https://www.poundwholesale.co.uk/toys/wholesale-slime-squish-toys
2025-07-10 11:26:13,148 - configurable_supplier_scraper - INFO - Setting page limiter for https://www.poundwholesale.co.uk/toys/wholesale-slime-squish-toys
2025-07-10 11:26:18,026 - configurable_supplier_scraper - INFO - No page limiter configuration found for www.poundwholesale.co.uk
2025-07-10 11:26:18,026 - configurable_supplier_scraper - INFO - Collecting product URLs from paginated pages starting at: https://www.poundwholesale.co.uk/toys/wholesale-slime-squish-toys
2025-07-10 11:26:18,027 - configurable_supplier_scraper - INFO - Processing page 1: https://www.poundwholesale.co.uk/toys/wholesale-slime-squish-toys
2025-07-10 11:26:18,028 - configurable_supplier_scraper - INFO - Fetching page content from: https://www.poundwholesale.co.uk/toys/wholesale-slime-squish-toys (attempt 1/3)
2025-07-10 11:26:18,129 - configurable_supplier_scraper - INFO - Successfully fetched content from https://www.poundwholesale.co.uk/toys/wholesale-slime-squish-toys (Size: 635080 bytes)
2025-07-10 11:26:18,708 - configurable_supplier_scraper - INFO - Found 4 new product URLs on page 1
2025-07-10 11:26:18,708 - configurable_supplier_scraper - INFO - Collected 4 total product URLs across 1 pages
2025-07-10 11:26:18,708 - configurable_supplier_scraper - INFO - Found 4 total product URLs across all pages
2025-07-10 11:26:18,708 - configurable_supplier_scraper - INFO - Visiting product page 1/4: https://www.poundwholesale.co.uk/soak-throw-splash-jellyfish-cdu-assorted-colours
2025-07-10 11:26:19,036 - configurable_supplier_scraper - INFO - Fetching page content from: https://www.poundwholesale.co.uk/soak-throw-splash-jellyfish-cdu-assorted-colours (attempt 1/3)
2025-07-10 11:26:24,232 - configurable_supplier_scraper - INFO - Successfully fetched content from https://www.poundwholesale.co.uk/soak-throw-splash-jellyfish-cdu-assorted-colours (Size: 672385 bytes)
2025-07-10 11:26:24,663 - configurable_supplier_scraper - INFO - Visiting product page 2/4: https://www.poundwholesale.co.uk/sticky-stretchy-animal-sensory-toy-assorted
2025-07-10 11:26:24,664 - configurable_supplier_scraper - INFO - Fetching page content from: https://www.poundwholesale.co.uk/sticky-stretchy-animal-sensory-toy-assorted (attempt 1/3)
2025-07-10 11:26:30,188 - configurable_supplier_scraper - INFO - Successfully fetched content from https://www.poundwholesale.co.uk/sticky-stretchy-animal-sensory-toy-assorted (Size: 672659 bytes)
2025-07-10 11:26:30,484 - configurable_supplier_scraper - INFO - Visiting product page 3/4: https://www.poundwholesale.co.uk/hoot-rainbow-barrel-slime-140g-cdu-assorted-colours
2025-07-10 11:26:30,484 - configurable_supplier_scraper - INFO - Fetching page content from: https://www.poundwholesale.co.uk/hoot-rainbow-barrel-slime-140g-cdu-assorted-colours (attempt 1/3)
2025-07-10 11:26:36,040 - configurable_supplier_scraper - INFO - Successfully fetched content from https://www.poundwholesale.co.uk/hoot-rainbow-barrel-slime-140g-cdu-assorted-colours (Size: 512389 bytes)
2025-07-10 11:26:36,333 - configurable_supplier_scraper - INFO - Visiting product page 4/4: https://www.poundwholesale.co.uk/stretchy-squishy-mr-splatman-assorted-colours
2025-07-10 11:26:36,334 - configurable_supplier_scraper - INFO - Fetching page content from: https://www.poundwholesale.co.uk/stretchy-squishy-mr-splatman-assorted-colours (attempt 1/3)
2025-07-10 11:26:42,416 - configurable_supplier_scraper - INFO - Successfully fetched content from https://www.poundwholesale.co.uk/stretchy-squishy-mr-splatman-assorted-colours (Size: 670311 bytes)
2025-07-10 11:26:42,700 - configurable_supplier_scraper - INFO - Successfully extracted 4 products from https://www.poundwholesale.co.uk/toys/wholesale-slime-squish-toys
2025-07-10 11:26:42,700 - configurable_supplier_scraper - INFO - Starting enhanced scraping from https://www.poundwholesale.co.uk/toys/wholesale-kids-art-craft-music-toys
2025-07-10 11:26:42,700 - configurable_supplier_scraper - INFO - Setting page limiter for https://www.poundwholesale.co.uk/toys/wholesale-kids-art-craft-music-toys
2025-07-10 11:26:48,170 - configurable_supplier_scraper - INFO - No page limiter configuration found for www.poundwholesale.co.uk
2025-07-10 11:26:48,171 - configurable_supplier_scraper - INFO - Collecting product URLs from paginated pages starting at: https://www.poundwholesale.co.uk/toys/wholesale-kids-art-craft-music-toys
2025-07-10 11:26:48,171 - configurable_supplier_scraper - INFO - Processing page 1: https://www.poundwholesale.co.uk/toys/wholesale-kids-art-craft-music-toys
2025-07-10 11:26:48,172 - configurable_supplier_scraper - INFO - Fetching page content from: https://www.poundwholesale.co.uk/toys/wholesale-kids-art-craft-music-toys (attempt 1/3)
2025-07-10 11:26:48,319 - configurable_supplier_scraper - INFO - Successfully fetched content from https://www.poundwholesale.co.uk/toys/wholesale-kids-art-craft-music-toys (Size: 640308 bytes)
2025-07-10 11:26:48,476 - configurable_supplier_scraper - INFO - Found 4 new product URLs on page 1
2025-07-10 11:26:48,477 - configurable_supplier_scraper - INFO - Collected 4 total product URLs across 1 pages
2025-07-10 11:26:48,477 - configurable_supplier_scraper - INFO - Found 4 total product URLs across all pages
2025-07-10 11:26:48,477 - configurable_supplier_scraper - INFO - Visiting product page 1/4: https://www.poundwholesale.co.uk/superetro-kaleidoscope-cdu-assorted-colours
2025-07-10 11:26:49,181 - configurable_supplier_scraper - INFO - Fetching page content from: https://www.poundwholesale.co.uk/superetro-kaleidoscope-cdu-assorted-colours (attempt 1/3)
2025-07-10 11:26:55,326 - configurable_supplier_scraper - INFO - Successfully fetched content from https://www.poundwholesale.co.uk/superetro-kaleidoscope-cdu-assorted-colours (Size: 675869 bytes)
2025-07-10 11:26:55,659 - configurable_supplier_scraper - INFO - Visiting product page 2/4: https://www.poundwholesale.co.uk/amazing-4-in-1-bouncing-putty-50g-cdu
2025-07-10 11:26:55,659 - configurable_supplier_scraper - INFO - Fetching page content from: https://www.poundwholesale.co.uk/amazing-4-in-1-bouncing-putty-50g-cdu (attempt 1/3)
2025-07-10 11:27:01,524 - configurable_supplier_scraper - INFO - Successfully fetched content from https://www.poundwholesale.co.uk/amazing-4-in-1-bouncing-putty-50g-cdu (Size: 672380 bytes)
2025-07-10 11:27:01,889 - configurable_supplier_scraper - INFO - Visiting product page 3/4: https://www.poundwholesale.co.uk/infunbebe-melodies-animal-sounds-smart-phone
2025-07-10 11:27:01,889 - configurable_supplier_scraper - INFO - Fetching page content from: https://www.poundwholesale.co.uk/infunbebe-melodies-animal-sounds-smart-phone (attempt 1/3)
2025-07-10 11:27:07,355 - configurable_supplier_scraper - INFO - Successfully fetched content from https://www.poundwholesale.co.uk/infunbebe-melodies-animal-sounds-smart-phone (Size: 399009 bytes)
2025-07-10 11:27:07,633 - configurable_supplier_scraper - INFO - Visiting product page 4/4: https://www.poundwholesale.co.uk/superetro-16-hole-harmonica-cdu
2025-07-10 11:27:07,634 - configurable_supplier_scraper - INFO - Fetching page content from: https://www.poundwholesale.co.uk/superetro-16-hole-harmonica-cdu (attempt 1/3)
2025-07-10 11:27:13,789 - configurable_supplier_scraper - INFO - Successfully fetched content from https://www.poundwholesale.co.uk/superetro-16-hole-harmonica-cdu (Size: 674012 bytes)
2025-07-10 11:27:14,150 - configurable_supplier_scraper - INFO - Successfully extracted 4 products from https://www.poundwholesale.co.uk/toys/wholesale-kids-art-craft-music-toys
2025-07-10 11:27:14,150 - configurable_supplier_scraper - INFO - Starting enhanced scraping from https://www.poundwholesale.co.uk/health-beauty/wholesale-first-aid-medical
2025-07-10 11:27:14,150 - configurable_supplier_scraper - INFO - Setting page limiter for https://www.poundwholesale.co.uk/health-beauty/wholesale-first-aid-medical
2025-07-10 11:27:19,596 - configurable_supplier_scraper - INFO - No page limiter configuration found for www.poundwholesale.co.uk
2025-07-10 11:27:19,597 - configurable_supplier_scraper - INFO - Collecting product URLs from paginated pages starting at: https://www.poundwholesale.co.uk/health-beauty/wholesale-first-aid-medical
2025-07-10 11:27:19,597 - configurable_supplier_scraper - INFO - Processing page 1: https://www.poundwholesale.co.uk/health-beauty/wholesale-first-aid-medical
2025-07-10 11:27:19,598 - configurable_supplier_scraper - INFO - Fetching page content from: https://www.poundwholesale.co.uk/health-beauty/wholesale-first-aid-medical (attempt 1/3)
2025-07-10 11:27:19,703 - configurable_supplier_scraper - INFO - Successfully fetched content from https://www.poundwholesale.co.uk/health-beauty/wholesale-first-aid-medical (Size: 648575 bytes)
2025-07-10 11:27:20,014 - configurable_supplier_scraper - INFO - Found 4 new product URLs on page 1
2025-07-10 11:27:20,015 - configurable_supplier_scraper - INFO - Collected 4 total product URLs across 1 pages
2025-07-10 11:27:20,015 - configurable_supplier_scraper - INFO - Found 4 total product URLs across all pages
2025-07-10 11:27:20,016 - configurable_supplier_scraper - INFO - Visiting product page 1/4: https://www.poundwholesale.co.uk/nuage-talc-free-body-powder-for-men-250g-assorted
2025-07-10 11:27:20,599 - configurable_supplier_scraper - INFO - Fetching page content from: https://www.poundwholesale.co.uk/nuage-talc-free-body-powder-for-men-250g-assorted (attempt 1/3)
2025-07-10 11:27:26,612 - configurable_supplier_scraper - INFO - Successfully fetched content from https://www.poundwholesale.co.uk/nuage-talc-free-body-powder-for-men-250g-assorted (Size: 671910 bytes)
2025-07-10 11:27:27,097 - configurable_supplier_scraper - INFO - Visiting product page 2/4: https://www.poundwholesale.co.uk/invigor8-cooling-gym-powder-for-men-170g
2025-07-10 11:27:27,097 - configurable_supplier_scraper - INFO - Fetching page content from: https://www.poundwholesale.co.uk/invigor8-cooling-gym-powder-for-men-170g (attempt 1/3)
2025-07-10 11:27:32,472 - configurable_supplier_scraper - INFO - Successfully fetched content from https://www.poundwholesale.co.uk/invigor8-cooling-gym-powder-for-men-170g (Size: 441749 bytes)
2025-07-10 11:27:32,680 - configurable_supplier_scraper - INFO - Visiting product page 3/4: https://www.poundwholesale.co.uk/treat-ease-lcd-digital-thermometer
2025-07-10 11:27:32,681 - configurable_supplier_scraper - INFO - Fetching page content from: https://www.poundwholesale.co.uk/treat-ease-lcd-digital-thermometer (attempt 1/3)
2025-07-10 11:27:38,173 - configurable_supplier_scraper - INFO - Successfully fetched content from https://www.poundwholesale.co.uk/treat-ease-lcd-digital-thermometer (Size: 574309 bytes)
2025-07-10 11:27:38,372 - configurable_supplier_scraper - INFO - Visiting product page 4/4: https://www.poundwholesale.co.uk/nuage-active-hands-tough-hand-cream-150g
2025-07-10 11:27:38,372 - configurable_supplier_scraper - INFO - Fetching page content from: https://www.poundwholesale.co.uk/nuage-active-hands-tough-hand-cream-150g (attempt 1/3)
2025-07-10 11:27:44,703 - configurable_supplier_scraper - INFO - Successfully fetched content from https://www.poundwholesale.co.uk/nuage-active-hands-tough-hand-cream-150g (Size: 665239 bytes)
2025-07-10 11:27:45,063 - configurable_supplier_scraper - INFO - Successfully extracted 4 products from https://www.poundwholesale.co.uk/health-beauty/wholesale-first-aid-medical
2025-07-10 11:27:45,064 - configurable_supplier_scraper - INFO - Starting enhanced scraping from https://www.poundwholesale.co.uk/health-beauty/plasters-bandages
2025-07-10 11:27:45,064 - configurable_supplier_scraper - INFO - Setting page limiter for https://www.poundwholesale.co.uk/health-beauty/plasters-bandages
2025-07-10 11:27:50,745 - configurable_supplier_scraper - INFO - No page limiter configuration found for www.poundwholesale.co.uk
2025-07-10 11:27:50,746 - configurable_supplier_scraper - INFO - Collecting product URLs from paginated pages starting at: https://www.poundwholesale.co.uk/health-beauty/plasters-bandages
2025-07-10 11:27:50,747 - configurable_supplier_scraper - INFO - Processing page 1: https://www.poundwholesale.co.uk/health-beauty/plasters-bandages
2025-07-10 11:27:50,747 - configurable_supplier_scraper - INFO - Fetching page content from: https://www.poundwholesale.co.uk/health-beauty/plasters-bandages (attempt 1/3)
2025-07-10 11:27:50,876 - configurable_supplier_scraper - INFO - Successfully fetched content from https://www.poundwholesale.co.uk/health-beauty/plasters-bandages (Size: 663315 bytes)
2025-07-10 11:27:51,188 - configurable_supplier_scraper - INFO - Found 4 new product URLs on page 1
2025-07-10 11:27:51,188 - configurable_supplier_scraper - INFO - Collected 4 total product URLs across 1 pages
2025-07-10 11:27:51,188 - configurable_supplier_scraper - INFO - Found 4 total product URLs across all pages
2025-07-10 11:27:51,188 - configurable_supplier_scraper - INFO - Visiting product page 1/4: https://www.poundwholesale.co.uk/masterplast-hand-support-assorted-sizes
2025-07-10 11:27:51,753 - configurable_supplier_scraper - INFO - Fetching page content from: https://www.poundwholesale.co.uk/masterplast-hand-support-assorted-sizes (attempt 1/3)
2025-07-10 11:27:58,217 - configurable_supplier_scraper - INFO - Successfully fetched content from https://www.poundwholesale.co.uk/masterplast-hand-support-assorted-sizes (Size: 668376 bytes)
2025-07-10 11:27:58,512 - configurable_supplier_scraper - INFO - Visiting product page 2/4: https://www.poundwholesale.co.uk/masterplast-wrist-support-assorted-sizes
2025-07-10 11:27:58,512 - configurable_supplier_scraper - INFO - Fetching page content from: https://www.poundwholesale.co.uk/masterplast-wrist-support-assorted-sizes (attempt 1/3)
2025-07-10 11:28:04,506 - configurable_supplier_scraper - INFO - Successfully fetched content from https://www.poundwholesale.co.uk/masterplast-wrist-support-assorted-sizes (Size: 670347 bytes)
2025-07-10 11:28:04,916 - configurable_supplier_scraper - INFO - Visiting product page 3/4: https://www.poundwholesale.co.uk/masterplast-calf-support-assorted-sizes
2025-07-10 11:28:04,916 - configurable_supplier_scraper - INFO - Fetching page content from: https://www.poundwholesale.co.uk/masterplast-calf-support-assorted-sizes (attempt 1/3)
