2025-07-11 01:21:55,513 - configurable_supplier_scraper - DEBUG - Debug logging initialized - writing to C:\Users\chris\Desktop\Amazon-FBA-Agent-System-v32\logs\debug\supplier_scraping_debug_20250711_012155.log
2025-07-11 01:21:55,513 - configurable_supplier_scraper - DEBUG - Headless mode: False
2025-07-11 01:21:55,529 - configurable_supplier_scraper - INFO - Starting enhanced scraping from https://www.poundwholesale.co.uk/wholesale-cleaning/cleaning-wipes-sprays/multi-purpose-cleaners
2025-07-11 01:21:55,533 - configurable_supplier_scraper - INFO - Setting page limiter for https://www.poundwholesale.co.uk/wholesale-cleaning/cleaning-wipes-sprays/multi-purpose-cleaners
2025-07-11 01:22:05,302 - configurable_supplier_scraper - INFO - No page limiter configuration found for www.poundwholesale.co.uk
2025-07-11 01:22:05,302 - configurable_supplier_scraper - INFO - Collecting product URLs from paginated pages starting at: https://www.poundwholesale.co.uk/wholesale-cleaning/cleaning-wipes-sprays/multi-purpose-cleaners
2025-07-11 01:22:05,303 - configurable_supplier_scraper - INFO - Processing page 1: https://www.poundwholesale.co.uk/wholesale-cleaning/cleaning-wipes-sprays/multi-purpose-cleaners
2025-07-11 01:22:05,303 - configurable_supplier_scraper - INFO - Fetching page content from: https://www.poundwholesale.co.uk/wholesale-cleaning/cleaning-wipes-sprays/multi-purpose-cleaners (attempt 1/3)
2025-07-11 01:22:05,385 - configurable_supplier_scraper - INFO - Successfully fetched content from https://www.poundwholesale.co.uk/wholesale-cleaning/cleaning-wipes-sprays/multi-purpose-cleaners (Size: 520828 bytes)
2025-07-11 01:22:05,575 - configurable_supplier_scraper - INFO - Found 3 new product URLs on page 1
2025-07-11 01:22:05,575 - configurable_supplier_scraper - INFO - Collected 3 total product URLs across 1 pages
2025-07-11 01:22:05,576 - configurable_supplier_scraper - INFO - Found 3 total product URLs across all pages
2025-07-11 01:22:05,576 - configurable_supplier_scraper - INFO - Visiting product page 1/3: https://www.poundwholesale.co.uk/rapide-sealant-remover-spray-250ml
2025-07-11 01:22:06,315 - configurable_supplier_scraper - INFO - Fetching page content from: https://www.poundwholesale.co.uk/rapide-sealant-remover-spray-250ml (attempt 1/3)
2025-07-11 01:22:11,926 - configurable_supplier_scraper - INFO - Successfully fetched content from https://www.poundwholesale.co.uk/rapide-sealant-remover-spray-250ml (Size: 374189 bytes)
2025-07-11 01:22:12,290 - configurable_supplier_scraper - INFO - Visiting product page 2/3: https://www.poundwholesale.co.uk/rapide-lime-scented-tough-stuff-hand-cleaner-450ml
2025-07-11 01:22:12,290 - configurable_supplier_scraper - INFO - Fetching page content from: https://www.poundwholesale.co.uk/rapide-lime-scented-tough-stuff-hand-cleaner-450ml (attempt 1/3)
2025-07-11 01:22:17,855 - configurable_supplier_scraper - INFO - Successfully fetched content from https://www.poundwholesale.co.uk/rapide-lime-scented-tough-stuff-hand-cleaner-450ml (Size: 484768 bytes)
2025-07-11 01:22:18,262 - configurable_supplier_scraper - INFO - Visiting product page 3/3: https://www.poundwholesale.co.uk/home-garden-multi-purpose-white-vinegar-cleaning-spray-500ml
2025-07-11 01:22:18,263 - configurable_supplier_scraper - INFO - Fetching page content from: https://www.poundwholesale.co.uk/home-garden-multi-purpose-white-vinegar-cleaning-spray-500ml (attempt 1/3)
2025-07-11 01:22:23,801 - configurable_supplier_scraper - INFO - Successfully fetched content from https://www.poundwholesale.co.uk/home-garden-multi-purpose-white-vinegar-cleaning-spray-500ml (Size: 383139 bytes)
2025-07-11 01:22:24,100 - configurable_supplier_scraper - INFO - Successfully extracted 0 products from https://www.poundwholesale.co.uk/wholesale-cleaning/cleaning-wipes-sprays/multi-purpose-cleaners
2025-07-11 01:22:24,100 - configurable_supplier_scraper - INFO - Starting enhanced scraping from https://www.poundwholesale.co.uk/wholesale-cleaning/sponges-scourers-cloths
2025-07-11 01:22:24,101 - configurable_supplier_scraper - INFO - Setting page limiter for https://www.poundwholesale.co.uk/wholesale-cleaning/sponges-scourers-cloths
2025-07-11 01:22:30,060 - configurable_supplier_scraper - INFO - No page limiter configuration found for www.poundwholesale.co.uk
2025-07-11 01:22:30,061 - configurable_supplier_scraper - INFO - Collecting product URLs from paginated pages starting at: https://www.poundwholesale.co.uk/wholesale-cleaning/sponges-scourers-cloths
2025-07-11 01:22:30,061 - configurable_supplier_scraper - INFO - Processing page 1: https://www.poundwholesale.co.uk/wholesale-cleaning/sponges-scourers-cloths
2025-07-11 01:22:30,061 - configurable_supplier_scraper - INFO - Fetching page content from: https://www.poundwholesale.co.uk/wholesale-cleaning/sponges-scourers-cloths (attempt 1/3)
2025-07-11 01:22:30,162 - configurable_supplier_scraper - INFO - Successfully fetched content from https://www.poundwholesale.co.uk/wholesale-cleaning/sponges-scourers-cloths (Size: 511393 bytes)
2025-07-11 01:22:30,354 - configurable_supplier_scraper - INFO - Found 3 new product URLs on page 1
2025-07-11 01:22:30,355 - configurable_supplier_scraper - INFO - Collected 3 total product URLs across 1 pages
2025-07-11 01:22:30,355 - configurable_supplier_scraper - INFO - Found 3 total product URLs across all pages
2025-07-11 01:22:30,356 - configurable_supplier_scraper - INFO - Visiting product page 1/3: https://www.poundwholesale.co.uk/tidyz-extra-large-all-purpose-cloths-20-pack
2025-07-11 01:22:31,074 - configurable_supplier_scraper - INFO - Fetching page content from: https://www.poundwholesale.co.uk/tidyz-extra-large-all-purpose-cloths-20-pack (attempt 1/3)
2025-07-11 01:22:36,903 - configurable_supplier_scraper - INFO - Successfully fetched content from https://www.poundwholesale.co.uk/tidyz-extra-large-all-purpose-cloths-20-pack (Size: 481932 bytes)
2025-07-11 01:22:37,387 - configurable_supplier_scraper - INFO - Visiting product page 2/3: https://www.poundwholesale.co.uk/elbow-grease-planogram
2025-07-11 01:22:37,387 - configurable_supplier_scraper - INFO - Fetching page content from: https://www.poundwholesale.co.uk/elbow-grease-planogram (attempt 1/3)
2025-07-11 01:22:43,349 - configurable_supplier_scraper - INFO - Successfully fetched content from https://www.poundwholesale.co.uk/elbow-grease-planogram (Size: 487960 bytes)
2025-07-11 01:22:43,773 - configurable_supplier_scraper - INFO - Visiting product page 3/3: https://www.poundwholesale.co.uk/duzzit-planogram-bundle
2025-07-11 01:22:43,774 - configurable_supplier_scraper - INFO - Fetching page content from: https://www.poundwholesale.co.uk/duzzit-planogram-bundle (attempt 1/3)
2025-07-11 01:22:49,779 - configurable_supplier_scraper - INFO - Successfully fetched content from https://www.poundwholesale.co.uk/duzzit-planogram-bundle (Size: 493941 bytes)
2025-07-11 01:22:50,180 - configurable_supplier_scraper - INFO - Successfully extracted 0 products from https://www.poundwholesale.co.uk/wholesale-cleaning/sponges-scourers-cloths
2025-07-11 01:22:50,180 - configurable_supplier_scraper - INFO - Starting enhanced scraping from https://www.poundwholesale.co.uk/health-beauty/wholesale-dental
2025-07-11 01:22:50,181 - configurable_supplier_scraper - INFO - Setting page limiter for https://www.poundwholesale.co.uk/health-beauty/wholesale-dental
2025-07-11 01:22:55,510 - configurable_supplier_scraper - INFO - No page limiter configuration found for www.poundwholesale.co.uk
2025-07-11 01:22:55,511 - configurable_supplier_scraper - INFO - Collecting product URLs from paginated pages starting at: https://www.poundwholesale.co.uk/health-beauty/wholesale-dental
2025-07-11 01:22:55,511 - configurable_supplier_scraper - INFO - Processing page 1: https://www.poundwholesale.co.uk/health-beauty/wholesale-dental
2025-07-11 01:22:55,511 - configurable_supplier_scraper - INFO - Fetching page content from: https://www.poundwholesale.co.uk/health-beauty/wholesale-dental (attempt 1/3)
2025-07-11 01:22:55,603 - configurable_supplier_scraper - INFO - Successfully fetched content from https://www.poundwholesale.co.uk/health-beauty/wholesale-dental (Size: 513251 bytes)
2025-07-11 01:22:55,811 - configurable_supplier_scraper - INFO - Found 3 new product URLs on page 1
2025-07-11 01:22:55,811 - configurable_supplier_scraper - INFO - Collected 3 total product URLs across 1 pages
2025-07-11 01:22:55,812 - configurable_supplier_scraper - INFO - Found 3 total product URLs across all pages
2025-07-11 01:22:55,812 - configurable_supplier_scraper - INFO - Visiting product page 1/3: https://www.poundwholesale.co.uk/colgate-fluoride-calcium-maximum-cavity-protection-toothpaste-100ml
2025-07-11 01:22:56,515 - configurable_supplier_scraper - INFO - Fetching page content from: https://www.poundwholesale.co.uk/colgate-fluoride-calcium-maximum-cavity-protection-toothpaste-100ml (attempt 1/3)
2025-07-11 01:23:02,395 - configurable_supplier_scraper - INFO - Successfully fetched content from https://www.poundwholesale.co.uk/colgate-fluoride-calcium-maximum-cavity-protection-toothpaste-100ml (Size: 442509 bytes)
2025-07-11 01:23:02,603 - configurable_supplier_scraper - INFO - Visiting product page 2/3: https://www.poundwholesale.co.uk/claradent-assorted-colour-soft-bristle-children-s-toothbrushes-3-pack
2025-07-11 01:23:02,603 - configurable_supplier_scraper - INFO - Fetching page content from: https://www.poundwholesale.co.uk/claradent-assorted-colour-soft-bristle-children-s-toothbrushes-3-pack (attempt 1/3)
2025-07-11 01:23:10,106 - configurable_supplier_scraper - INFO - Successfully fetched content from https://www.poundwholesale.co.uk/claradent-assorted-colour-soft-bristle-children-s-toothbrushes-3-pack (Size: 483423 bytes)
2025-07-11 01:23:10,435 - configurable_supplier_scraper - INFO - Visiting product page 3/3: https://www.poundwholesale.co.uk/dentiplus-universal-toothbrush-heads-4-pack
2025-07-11 01:23:10,435 - configurable_supplier_scraper - INFO - Fetching page content from: https://www.poundwholesale.co.uk/dentiplus-universal-toothbrush-heads-4-pack (attempt 1/3)
