2025-07-12 00:39:43,345 - tools.archive.vision_login_handler - DEBUG - Vision login debug logging initialized - writing to C:\Users\chris\Desktop\Amazon-FBA-Agent-System-v32\logs\debug\vision_login_20250712.log
2025-07-12 00:40:07,682 - tools.archive.vision_login_handler - DEBUG - Vision login debug logging initialized - writing to C:\Users\chris\Desktop\Amazon-FBA-Agent-System-v32\logs\debug\vision_login_20250712.log
2025-07-12 00:49:42,063 - tools.archive.vision_login_handler - DEBUG - Vision login debug logging initialized - writing to C:\Users\chris\Desktop\Amazon-FBA-Agent-System-v32\logs\debug\vision_login_20250712.log
2025-07-12 03:57:31,870 - tools.archive.vision_login_handler - DEBUG - Vision login debug logging initialized - writing to C:\Users\chris\Desktop\Amazon-FBA-Agent-System-v32\logs\debug\vision_login_20250712.log
2025-07-12 06:18:22,930 - tools.archive.vision_login_handler - DEBUG - Vision login debug logging initialized - writing to /mnt/c/Users/chris/Desktop/Amazon-FBA-Agent-System-v32/logs/debug/vision_login_20250712.log
2025-07-12 06:36:37,170 - tools.archive.vision_login_handler - DEBUG - Vision login debug logging initialized - writing to C:\Users\chris\Desktop\Amazon-FBA-Agent-System-v32\logs\debug\vision_login_20250712.log
2025-07-12 08:43:42,988 - tools.archive.vision_login_handler - DEBUG - Vision login debug logging initialized - writing to C:\Users\chris\Desktop\Amazon-FBA-Agent-System-v32\logs\debug\vision_login_20250712.log
2025-07-12 08:58:03,751 - tools.archive.vision_login_handler - DEBUG - Vision login debug logging initialized - writing to C:\Users\chris\Desktop\Amazon-FBA-Agent-System-v32\logs\debug\vision_login_20250712.log
2025-07-12 09:06:37,459 - tools.archive.vision_login_handler - DEBUG - Vision login debug logging initialized - writing to C:\Users\chris\Desktop\Amazon-FBA-Agent-System-v32\logs\debug\vision_login_20250712.log
2025-07-12 09:08:57,508 - tools.archive.vision_login_handler - DEBUG - Vision login debug logging initialized - writing to C:\Users\chris\Desktop\Amazon-FBA-Agent-System-v32\logs\debug\vision_login_20250712.log
2025-07-12 09:12:30,479 - tools.archive.vision_login_handler - DEBUG - Vision login debug logging initialized - writing to C:\Users\chris\Desktop\Amazon-FBA-Agent-System-v32\logs\debug\vision_login_20250712.log
2025-07-12 09:17:16,591 - tools.archive.vision_login_handler - DEBUG - Vision login debug logging initialized - writing to C:\Users\chris\Desktop\Amazon-FBA-Agent-System-v32\logs\debug\vision_login_20250712.log
2025-07-12 09:18:27,282 - tools.archive.vision_login_handler - DEBUG - Vision login debug logging initialized - writing to C:\Users\chris\Desktop\Amazon-FBA-Agent-System-v32\logs\debug\vision_login_20250712.log
2025-07-12 09:18:42,484 - tools.archive.vision_login_handler - WARNING - Still on login page - login may have failed
2025-07-12 09:22:47,206 - tools.archive.vision_login_handler - DEBUG - Vision login debug logging initialized - writing to C:\Users\chris\Desktop\Amazon-FBA-Agent-System-v32\logs\debug\vision_login_20250712.log
2025-07-12 09:23:01,868 - tools.archive.vision_login_handler - WARNING - Still on login page - login may have failed
2025-07-12 22:09:21,027 - tools.archive.vision_login_handler - DEBUG - Vision login debug logging initialized - writing to C:\Users\chris\Desktop\Amazon-FBA-Agent-System-v32\logs\debug\vision_login_20250712.log
2025-07-12 22:10:09,335 - tools.archive.vision_login_handler - DEBUG - Email selector 'input[name="email"]' failed: Locator.click: Timeout 30000ms exceeded.
Call log:
  - waiting for locator("input[name=\"email\"]").first
    - locator resolved to <input name="email" type="email" id="newsletter" placeholder="Enter your email address" data-validate="{required:true, 'validate-email':true}"/>
  - attempting click action
    2 × waiting for element to be visible, enabled and stable
      - element is visible, enabled and stable
      - scrolling into view if needed
      - done scrolling
      - <div role="dialog" aria-label="Cookie Consent Prompt" class="termly-styles-root-b0aebb termly-styles-tooltip-d3b548 termly-styles-termly-tooltip-c26ee2 termly-styles-standard-b726f8 termly-styles-bottom_left-c53472 t-consentPrompt">…</div> from <div dir="ltr" id="termly-code-snippet-support">…</div> subtree intercepts pointer events
    - retrying click action
    - waiting 20ms
    2 × waiting for element to be visible, enabled and stable
      - element is visible, enabled and stable
      - scrolling into view if needed
      - done scrolling
      - <div role="dialog" aria-label="Cookie Consent Prompt" class="termly-styles-root-b0aebb termly-styles-tooltip-d3b548 termly-styles-termly-tooltip-c26ee2 termly-styles-standard-b726f8 termly-styles-bottom_left-c53472 t-consentPrompt">…</div> from <div dir="ltr" id="termly-code-snippet-support">…</div> subtree intercepts pointer events
    - retrying click action
      - waiting 100ms
    57 × waiting for element to be visible, enabled and stable
       - element is visible, enabled and stable
       - scrolling into view if needed
       - done scrolling
       - <div role="dialog" aria-label="Cookie Consent Prompt" class="termly-styles-root-b0aebb termly-styles-tooltip-d3b548 termly-styles-termly-tooltip-c26ee2 termly-styles-standard-b726f8 termly-styles-bottom_left-c53472 t-consentPrompt">…</div> from <div dir="ltr" id="termly-code-snippet-support">…</div> subtree intercepts pointer events
     - retrying click action
       - waiting 500ms

2025-07-12 22:14:57,728 - tools.archive.vision_login_handler - DEBUG - Vision login debug logging initialized - writing to C:\Users\chris\Desktop\Amazon-FBA-Agent-System-v32\logs\debug\vision_login_20250712.log
2025-07-12 22:15:33,073 - tools.archive.vision_login_handler - DEBUG - Vision login debug logging initialized - writing to C:\Users\chris\Desktop\Amazon-FBA-Agent-System-v32\logs\debug\vision_login_20250712.log
2025-07-12 22:15:45,725 - tools.archive.vision_login_handler - WARNING - Still on login page - login may have failed
2025-07-12 22:17:32,742 - tools.archive.vision_login_handler - DEBUG - Vision login debug logging initialized - writing to C:\Users\chris\Desktop\Amazon-FBA-Agent-System-v32\logs\debug\vision_login_20250712.log
2025-07-12 22:17:48,249 - tools.archive.vision_login_handler - WARNING - Still on login page - login may have failed
2025-07-12 22:21:22,741 - tools.archive.vision_login_handler - DEBUG - Vision login debug logging initialized - writing to C:\Users\chris\Desktop\Amazon-FBA-Agent-System-v32\logs\debug\vision_login_20250712.log
2025-07-12 22:21:39,252 - tools.archive.vision_login_handler - WARNING - Still on login page - login may have failed
