2025-06-27 08:09:51,530 - INFO - 🌟 STARTING INFINITE FBA ANALYSIS RUNNER
2025-06-27 08:09:51,531 - INFO - This will run continuously until manually stopped
2025-06-27 08:09:51,532 - INFO - Press Ctrl+C to stop gracefully
2025-06-27 08:09:51,532 - INFO - 🔄 INFINITE RUNNER STATUS:
2025-06-27 08:09:51,533 - INFO -   Total Runtime: 0h 0m
2025-06-27 08:09:51,534 - INFO -   Restart Count: 0
2025-06-27 08:09:51,534 - INFO -   Restarts in last hour: 0
2025-06-27 08:09:51,545 - INFO -   CSV Reports Generated: 67
2025-06-27 08:09:51,804 - INFO -   Latest Report: fba_financial_report_20250626_011228.csv
2025-06-27 08:09:51,808 - INFO -   Amazon Cache Files: 10
2025-06-27 08:09:51,809 - INFO - 🚀 Starting FBA Analysis (Attempt #1)
2025-06-27 08:09:51,812 - INFO - Command: /usr/bin/python passive_extraction_workflow_latest.py --max-products 0
2025-06-27 08:09:51,838 - INFO - Process finished with return code: 2
2025-06-27 08:09:51,839 - WARNING - ⚠️ FBA Analysis ended with errors. Restarting...
2025-06-27 08:09:51,839 - INFO - ⏳ Waiting 30 seconds before restart...
2025-06-27 08:09:51,840 - INFO -   Restarting in 30 seconds...
2025-06-27 08:09:56,841 - INFO -   Restarting in 25 seconds...
2025-06-27 08:10:01,842 - INFO -   Restarting in 20 seconds...
2025-06-27 08:10:06,843 - INFO -   Restarting in 15 seconds...
2025-06-27 08:10:12,707 - INFO -   Restarting in 10 seconds...
2025-06-27 08:10:17,709 - INFO -   Restarting in 5 seconds...
2025-06-27 08:10:22,710 - INFO - 🔄 INFINITE RUNNER STATUS:
2025-06-27 08:10:22,711 - INFO -   Total Runtime: 0h 0m
2025-06-27 08:10:22,712 - INFO -   Restart Count: 1
2025-06-27 08:10:22,712 - INFO -   Restarts in last hour: 1
2025-06-27 08:10:22,721 - INFO -   CSV Reports Generated: 67
